2025-02-12 21:33:58,773 - Worker-0 - INFO - Downloaded https://www.informatics.uci.edu/bbc-why-an-off-the-grid-hour-at-work-is-so-crucial-gloria-mark-quoted, status <200>, using cache ('styx.ics.uci.edu', 9014).
2025-02-12 21:33:59,334 - Worker-0 - INFO - Downloaded https://www.informatics.uci.edu/games-at-play-arcade-a-night-of-alternative-game-design, status <200>, using cache ('styx.ics.uci.edu', 9014).
2025-02-12 21:33:59,905 - Worker-0 - INFO - Downloaded https://www.informatics.uci.edu/roberta-ellen-lamb-memorial-endowed-fellowship-recipient-investigates-online-democratic-discourse, status <200>, using cache ('styx.ics.uci.edu', 9014).
2025-02-12 21:34:00,462 - Worker-0 - INFO - Downloaded http://www.stat.uci.edu/seminar-series/seminar-series-2017-2018, status <200>, using cache ('styx.ics.uci.edu', 9014).
2025-02-12 21:34:01,001 - Worker-0 - INFO - Downloaded https://acoi.ics.uci.edu/2019, status <200>, using cache ('styx.ics.uci.edu', 9014).
2025-02-12 21:34:01,539 - Worker-0 - INFO - Downloaded https://www.informatics.uci.edu/2021/07, status <200>, using cache ('styx.ics.uci.edu', 9014).
2025-02-12 21:34:02,106 - Worker-0 - INFO - Downloaded https://www.informatics.uci.edu/2018/08, status <200>, using cache ('styx.ics.uci.edu', 9014).
2025-02-12 21:34:02,671 - Worker-0 - INFO - Downloaded https://www.informatics.uci.edu/2018/08/page/2, status <200>, using cache ('styx.ics.uci.edu', 9014).
2025-02-12 21:34:03,229 - Worker-0 - INFO - Downloaded http://archive.ics.uci.edu/contribute/donation, status <200>, using cache ('styx.ics.uci.edu', 9014).
2025-02-12 21:34:03,751 - Worker-0 - INFO - Downloaded https://www.informatics.uci.edu/venturebeat-how-the-esas-acting-ceo-views-video-game-addiction-constance-steinkuehler-mentioned, status <200>, using cache ('styx.ics.uci.edu', 9014).
2025-02-12 21:34:04,311 - Worker-0 - INFO - Downloaded http://www.ics.uci.edu/~eppstein/pubs/a-wiechert.html, status <200>, using cache ('styx.ics.uci.edu', 9014).
2025-02-12 21:34:04,821 - Worker-0 - INFO - Downloaded http://www.ics.uci.edu/~goodrich/teach/ics8, status <200>, using cache ('styx.ics.uci.edu', 9014).
2025-02-12 21:34:05,345 - Worker-0 - INFO - Downloaded http://www.ics.uci.edu/~harris, status <200>, using cache ('styx.ics.uci.edu', 9014).
2025-02-12 21:34:05,860 - Worker-0 - INFO - Downloaded http://www.ics.uci.edu/courses.html, status <404>, using cache ('styx.ics.uci.edu', 9014).
2025-02-12 21:34:06,370 - Worker-0 - INFO - Downloaded http://wics.ics.uci.edu/events/category/wics-bonding/day/2019-04-01, status <200>, using cache ('styx.ics.uci.edu', 9014).
2025-02-12 21:34:06,927 - Worker-0 - INFO - Downloaded http://wics.ics.uci.edu/events/category/wics-bonding/day/2019-04-01/?outlook-ical=1, status <200>, using cache ('styx.ics.uci.edu', 9014).
2025-02-12 21:34:07,437 - Worker-0 - INFO - Downloaded http://wics.ics.uci.edu/events/category/wics-bonding/day/2019-04-01/?ical=1, status <200>, using cache ('styx.ics.uci.edu', 9014).
2025-02-12 21:34:07,945 - Worker-0 - INFO - Downloaded webcal://wics.ics.uci.edu/?post_type=tribe_events&tribe_events_cat=wics-bonding&tribe-bar-date=2019-04-01&ical=1&eventDisplay=list, status <603>, using cache ('styx.ics.uci.edu', 9014).
2025-02-12 21:34:08,457 - Worker-0 - INFO - Downloaded http://wics.ics.uci.edu/events/category/wics-bonding/day/2019-04-02, status <200>, using cache ('styx.ics.uci.edu', 9014).
2025-02-12 21:34:09,016 - Worker-0 - INFO - Downloaded http://wics.ics.uci.edu/events/category/wics-bonding/day/2019-04-02/?outlook-ical=1, status <200>, using cache ('styx.ics.uci.edu', 9014).
2025-02-12 21:34:09,525 - Worker-0 - INFO - Downloaded http://wics.ics.uci.edu/events/category/wics-bonding/day/2019-04-02/?ical=1, status <200>, using cache ('styx.ics.uci.edu', 9014).
2025-02-12 21:34:10,034 - Worker-0 - INFO - Downloaded webcal://wics.ics.uci.edu/?post_type=tribe_events&tribe_events_cat=wics-bonding&tribe-bar-date=2019-04-02&ical=1&eventDisplay=list, status <603>, using cache ('styx.ics.uci.edu', 9014).
2025-02-12 21:34:10,545 - Worker-0 - INFO - Downloaded http://wics.ics.uci.edu/events/category/wics-bonding/day/2019-04-03, status <200>, using cache ('styx.ics.uci.edu', 9014).
2025-02-12 21:34:11,108 - Worker-0 - INFO - Downloaded http://wics.ics.uci.edu/events/category/wics-bonding/day/2019-04-03/?outlook-ical=1, status <200>, using cache ('styx.ics.uci.edu', 9014).
2025-02-12 21:34:11,620 - Worker-0 - INFO - Downloaded http://wics.ics.uci.edu/events/category/wics-bonding/day/2019-04-03/?ical=1, status <200>, using cache ('styx.ics.uci.edu', 9014).
2025-02-12 21:34:12,129 - Worker-0 - INFO - Downloaded webcal://wics.ics.uci.edu/?post_type=tribe_events&tribe_events_cat=wics-bonding&tribe-bar-date=2019-04-03&ical=1&eventDisplay=list, status <603>, using cache ('styx.ics.uci.edu', 9014).
2025-02-12 21:34:12,639 - Worker-0 - INFO - Downloaded http://wics.ics.uci.edu/events/category/wics-bonding/day/2019-04-04, status <200>, using cache ('styx.ics.uci.edu', 9014).
2025-02-12 21:34:13,195 - Worker-0 - INFO - Downloaded http://wics.ics.uci.edu/events/category/wics-bonding/day/2019-04-04/?outlook-ical=1, status <200>, using cache ('styx.ics.uci.edu', 9014).
2025-02-12 21:34:13,703 - Worker-0 - INFO - Downloaded http://wics.ics.uci.edu/events/category/wics-bonding/day/2019-04-04/?ical=1, status <200>, using cache ('styx.ics.uci.edu', 9014).
2025-02-12 21:34:14,212 - Worker-0 - INFO - Downloaded webcal://wics.ics.uci.edu/?post_type=tribe_events&tribe_events_cat=wics-bonding&tribe-bar-date=2019-04-04&ical=1&eventDisplay=list, status <603>, using cache ('styx.ics.uci.edu', 9014).
2025-02-12 21:34:14,721 - Worker-0 - INFO - Downloaded http://wics.ics.uci.edu/events/category/wics-bonding/day/2019-04-05, status <200>, using cache ('styx.ics.uci.edu', 9014).
2025-02-12 21:34:15,279 - Worker-0 - INFO - Downloaded http://wics.ics.uci.edu/events/category/wics-bonding/day/2019-04-05/?outlook-ical=1, status <200>, using cache ('styx.ics.uci.edu', 9014).
2025-02-12 21:34:15,794 - Worker-0 - INFO - Downloaded http://wics.ics.uci.edu/events/category/wics-bonding/day/2019-04-05/?ical=1, status <200>, using cache ('styx.ics.uci.edu', 9014).
2025-02-12 21:34:16,302 - Worker-0 - INFO - Downloaded webcal://wics.ics.uci.edu/?post_type=tribe_events&tribe_events_cat=wics-bonding&tribe-bar-date=2019-04-05&ical=1&eventDisplay=list, status <603>, using cache ('styx.ics.uci.edu', 9014).
2025-02-12 21:34:16,811 - Worker-0 - INFO - Downloaded http://wics.ics.uci.edu/events/category/wics-bonding/day/2019-04-06, status <200>, using cache ('styx.ics.uci.edu', 9014).
2025-02-12 21:34:17,366 - Worker-0 - INFO - Downloaded http://wics.ics.uci.edu/events/category/wics-bonding/day/2019-04-06/?outlook-ical=1, status <200>, using cache ('styx.ics.uci.edu', 9014).
2025-02-12 21:34:17,877 - Worker-0 - INFO - Downloaded http://wics.ics.uci.edu/events/category/wics-bonding/day/2019-04-06/?ical=1, status <601>, using cache ('styx.ics.uci.edu', 9014).
2025-02-12 21:34:18,387 - Worker-0 - INFO - Downloaded webcal://wics.ics.uci.edu/?post_type=tribe_events&tribe_events_cat=wics-bonding&tribe-bar-date=2019-04-06&ical=1&eventDisplay=list, status <603>, using cache ('styx.ics.uci.edu', 9014).
2025-02-12 21:34:18,896 - Worker-0 - INFO - Downloaded http://wics.ics.uci.edu/events/category/wics-bonding/day/2019-04-07, status <200>, using cache ('styx.ics.uci.edu', 9014).
2025-02-12 21:34:19,451 - Worker-0 - INFO - Downloaded http://wics.ics.uci.edu/events/category/wics-bonding/day/2019-04-07/?outlook-ical=1, status <200>, using cache ('styx.ics.uci.edu', 9014).
2025-02-12 21:34:19,959 - Worker-0 - INFO - Downloaded http://wics.ics.uci.edu/events/category/wics-bonding/day/2019-04-07/?ical=1, status <200>, using cache ('styx.ics.uci.edu', 9014).
2025-02-12 21:34:20,480 - Worker-0 - INFO - Downloaded webcal://wics.ics.uci.edu/?post_type=tribe_events&tribe_events_cat=wics-bonding&tribe-bar-date=2019-04-07&ical=1&eventDisplay=list, status <603>, using cache ('styx.ics.uci.edu', 9014).
2025-02-12 21:34:20,990 - Worker-0 - INFO - Downloaded http://wics.ics.uci.edu/events/category/wics-bonding/day/2019-04-08, status <200>, using cache ('styx.ics.uci.edu', 9014).
2025-02-12 21:34:21,549 - Worker-0 - INFO - Downloaded http://wics.ics.uci.edu/events/category/wics-bonding/day/2019-04-08/?outlook-ical=1, status <200>, using cache ('styx.ics.uci.edu', 9014).
2025-02-12 21:34:22,057 - Worker-0 - INFO - Downloaded http://wics.ics.uci.edu/events/category/wics-bonding/day/2019-04-08/?ical=1, status <200>, using cache ('styx.ics.uci.edu', 9014).
2025-02-12 21:34:22,566 - Worker-0 - INFO - Downloaded webcal://wics.ics.uci.edu/?post_type=tribe_events&tribe_events_cat=wics-bonding&tribe-bar-date=2019-04-08&ical=1&eventDisplay=list, status <603>, using cache ('styx.ics.uci.edu', 9014).
2025-02-12 21:34:23,077 - Worker-0 - INFO - Downloaded http://wics.ics.uci.edu/events/category/wics-bonding/day/2019-04-09, status <200>, using cache ('styx.ics.uci.edu', 9014).
2025-02-12 21:34:23,630 - Worker-0 - INFO - Downloaded http://wics.ics.uci.edu/events/category/wics-bonding/day/2019-04-09/?outlook-ical=1, status <200>, using cache ('styx.ics.uci.edu', 9014).
2025-02-12 21:34:24,139 - Worker-0 - INFO - Downloaded http://wics.ics.uci.edu/events/category/wics-bonding/day/2019-04-09/?ical=1, status <200>, using cache ('styx.ics.uci.edu', 9014).
2025-02-12 21:34:24,655 - Worker-0 - INFO - Downloaded webcal://wics.ics.uci.edu/?post_type=tribe_events&tribe_events_cat=wics-bonding&tribe-bar-date=2019-04-09&ical=1&eventDisplay=list, status <603>, using cache ('styx.ics.uci.edu', 9014).
2025-02-12 21:34:25,167 - Worker-0 - INFO - Downloaded http://wics.ics.uci.edu/events/category/wics-bonding/day/2019-04-10, status <200>, using cache ('styx.ics.uci.edu', 9014).
2025-02-12 21:34:25,726 - Worker-0 - INFO - Downloaded http://wics.ics.uci.edu/events/category/wics-bonding/day/2019-04-10/?outlook-ical=1, status <200>, using cache ('styx.ics.uci.edu', 9014).
2025-02-12 21:34:26,235 - Worker-0 - INFO - Downloaded http://wics.ics.uci.edu/events/category/wics-bonding/day/2019-04-10/?ical=1, status <200>, using cache ('styx.ics.uci.edu', 9014).
2025-02-12 21:34:26,745 - Worker-0 - INFO - Downloaded webcal://wics.ics.uci.edu/?post_type=tribe_events&tribe_events_cat=wics-bonding&tribe-bar-date=2019-04-10&ical=1&eventDisplay=list, status <603>, using cache ('styx.ics.uci.edu', 9014).
2025-02-12 21:34:27,254 - Worker-0 - INFO - Downloaded http://wics.ics.uci.edu/events/category/wics-bonding/day/2019-04-11, status <200>, using cache ('styx.ics.uci.edu', 9014).
2025-02-12 21:34:27,812 - Worker-0 - INFO - Downloaded http://wics.ics.uci.edu/events/category/wics-bonding/day/2019-04-11/?outlook-ical=1, status <200>, using cache ('styx.ics.uci.edu', 9014).
2025-02-12 21:34:28,322 - Worker-0 - INFO - Downloaded http://wics.ics.uci.edu/events/category/wics-bonding/day/2019-04-11/?ical=1, status <200>, using cache ('styx.ics.uci.edu', 9014).
2025-02-12 21:34:28,831 - Worker-0 - INFO - Downloaded webcal://wics.ics.uci.edu/?post_type=tribe_events&tribe_events_cat=wics-bonding&tribe-bar-date=2019-04-11&ical=1&eventDisplay=list, status <603>, using cache ('styx.ics.uci.edu', 9014).
2025-02-12 21:34:29,340 - Worker-0 - INFO - Downloaded http://wics.ics.uci.edu/events/category/wics-bonding/day/2019-04-12, status <200>, using cache ('styx.ics.uci.edu', 9014).
2025-02-12 21:34:29,899 - Worker-0 - INFO - Downloaded http://wics.ics.uci.edu/events/category/wics-bonding/day/2019-04-12/?outlook-ical=1, status <200>, using cache ('styx.ics.uci.edu', 9014).
2025-02-12 21:34:30,408 - Worker-0 - INFO - Downloaded http://wics.ics.uci.edu/events/category/wics-bonding/day/2019-04-12/?ical=1, status <200>, using cache ('styx.ics.uci.edu', 9014).
2025-02-12 21:34:30,917 - Worker-0 - INFO - Downloaded webcal://wics.ics.uci.edu/?post_type=tribe_events&tribe_events_cat=wics-bonding&tribe-bar-date=2019-04-12&ical=1&eventDisplay=list, status <603>, using cache ('styx.ics.uci.edu', 9014).
2025-02-12 21:34:31,427 - Worker-0 - INFO - Downloaded http://wics.ics.uci.edu/events/category/wics-bonding/day/2019-04-13, status <200>, using cache ('styx.ics.uci.edu', 9014).
2025-02-12 21:34:31,984 - Worker-0 - INFO - Downloaded http://wics.ics.uci.edu/events/category/wics-bonding/day/2019-04-13/?outlook-ical=1, status <200>, using cache ('styx.ics.uci.edu', 9014).
2025-02-12 21:34:32,495 - Worker-0 - INFO - Downloaded http://wics.ics.uci.edu/events/category/wics-bonding/day/2019-04-13/?ical=1, status <200>, using cache ('styx.ics.uci.edu', 9014).
2025-02-12 21:34:33,004 - Worker-0 - INFO - Downloaded webcal://wics.ics.uci.edu/?post_type=tribe_events&tribe_events_cat=wics-bonding&tribe-bar-date=2019-04-13&ical=1&eventDisplay=list, status <603>, using cache ('styx.ics.uci.edu', 9014).
2025-02-12 21:34:33,516 - Worker-0 - INFO - Downloaded http://wics.ics.uci.edu/events/category/wics-bonding/day/2019-04-14, status <200>, using cache ('styx.ics.uci.edu', 9014).
2025-02-12 21:34:34,083 - Worker-0 - INFO - Downloaded http://wics.ics.uci.edu/events/category/wics-bonding/day/2019-04-14/?outlook-ical=1, status <200>, using cache ('styx.ics.uci.edu', 9014).
2025-02-12 21:34:34,592 - Worker-0 - INFO - Downloaded http://wics.ics.uci.edu/events/category/wics-bonding/day/2019-04-14/?ical=1, status <200>, using cache ('styx.ics.uci.edu', 9014).
2025-02-12 21:34:35,100 - Worker-0 - INFO - Downloaded webcal://wics.ics.uci.edu/?post_type=tribe_events&tribe_events_cat=wics-bonding&tribe-bar-date=2019-04-14&ical=1&eventDisplay=list, status <603>, using cache ('styx.ics.uci.edu', 9014).
2025-02-12 21:34:35,610 - Worker-0 - INFO - Downloaded http://wics.ics.uci.edu/events/category/wics-bonding/day/2019-04-15, status <200>, using cache ('styx.ics.uci.edu', 9014).
2025-02-12 21:34:36,169 - Worker-0 - INFO - Downloaded http://wics.ics.uci.edu/events/category/wics-bonding/day/2019-04-15/?outlook-ical=1, status <200>, using cache ('styx.ics.uci.edu', 9014).
2025-02-12 21:34:36,678 - Worker-0 - INFO - Downloaded http://wics.ics.uci.edu/events/category/wics-bonding/day/2019-04-15/?ical=1, status <200>, using cache ('styx.ics.uci.edu', 9014).
2025-02-12 21:34:37,188 - Worker-0 - INFO - Downloaded webcal://wics.ics.uci.edu/?post_type=tribe_events&tribe_events_cat=wics-bonding&tribe-bar-date=2019-04-15&ical=1&eventDisplay=list, status <603>, using cache ('styx.ics.uci.edu', 9014).
2025-02-12 21:34:37,696 - Worker-0 - INFO - Downloaded http://wics.ics.uci.edu/events/category/wics-bonding/day/2019-04-16, status <200>, using cache ('styx.ics.uci.edu', 9014).
2025-02-12 21:34:38,250 - Worker-0 - INFO - Downloaded http://wics.ics.uci.edu/events/category/wics-bonding/day/2019-04-16/?outlook-ical=1, status <200>, using cache ('styx.ics.uci.edu', 9014).
2025-02-12 21:34:38,770 - Worker-0 - INFO - Downloaded http://wics.ics.uci.edu/events/category/wics-bonding/day/2019-04-16/?ical=1, status <200>, using cache ('styx.ics.uci.edu', 9014).
2025-02-12 21:34:39,278 - Worker-0 - INFO - Downloaded webcal://wics.ics.uci.edu/?post_type=tribe_events&tribe_events_cat=wics-bonding&tribe-bar-date=2019-04-16&ical=1&eventDisplay=list, status <603>, using cache ('styx.ics.uci.edu', 9014).
2025-02-12 21:34:39,788 - Worker-0 - INFO - Downloaded http://wics.ics.uci.edu/events/category/wics-bonding/day/2019-04-17, status <200>, using cache ('styx.ics.uci.edu', 9014).
2025-02-12 21:34:40,344 - Worker-0 - INFO - Downloaded http://wics.ics.uci.edu/events/category/wics-bonding/day/2019-04-17/?outlook-ical=1, status <200>, using cache ('styx.ics.uci.edu', 9014).
2025-02-12 21:34:40,855 - Worker-0 - INFO - Downloaded http://wics.ics.uci.edu/events/category/wics-bonding/day/2019-04-17/?ical=1, status <200>, using cache ('styx.ics.uci.edu', 9014).
2025-02-12 21:34:41,365 - Worker-0 - INFO - Downloaded webcal://wics.ics.uci.edu/?post_type=tribe_events&tribe_events_cat=wics-bonding&tribe-bar-date=2019-04-17&ical=1&eventDisplay=list, status <603>, using cache ('styx.ics.uci.edu', 9014).
2025-02-12 21:34:41,876 - Worker-0 - INFO - Downloaded http://wics.ics.uci.edu/events/category/wics-bonding/day/2019-04-18, status <200>, using cache ('styx.ics.uci.edu', 9014).
2025-02-12 21:34:42,472 - Worker-0 - INFO - Downloaded http://wics.ics.uci.edu/events/category/wics-bonding/day/2019-04-18/?outlook-ical=1, status <200>, using cache ('styx.ics.uci.edu', 9014).
2025-02-12 21:34:42,980 - Worker-0 - INFO - Downloaded http://wics.ics.uci.edu/events/category/wics-bonding/day/2019-04-18/?ical=1, status <200>, using cache ('styx.ics.uci.edu', 9014).
2025-02-12 21:34:43,489 - Worker-0 - INFO - Downloaded webcal://wics.ics.uci.edu/?post_type=tribe_events&tribe_events_cat=wics-bonding&tribe-bar-date=2019-04-18&ical=1&eventDisplay=list, status <603>, using cache ('styx.ics.uci.edu', 9014).
2025-02-12 21:34:43,999 - Worker-0 - INFO - Downloaded http://wics.ics.uci.edu/events/category/wics-bonding/day/2019-04-19, status <200>, using cache ('styx.ics.uci.edu', 9014).
2025-02-12 21:34:44,558 - Worker-0 - INFO - Downloaded http://wics.ics.uci.edu/events/category/wics-bonding/day/2019-04-19/?outlook-ical=1, status <200>, using cache ('styx.ics.uci.edu', 9014).
2025-02-12 21:34:45,067 - Worker-0 - INFO - Downloaded http://wics.ics.uci.edu/events/category/wics-bonding/day/2019-04-19/?ical=1, status <200>, using cache ('styx.ics.uci.edu', 9014).
2025-02-12 21:34:45,574 - Worker-0 - INFO - Downloaded webcal://wics.ics.uci.edu/?post_type=tribe_events&tribe_events_cat=wics-bonding&tribe-bar-date=2019-04-19&ical=1&eventDisplay=list, status <603>, using cache ('styx.ics.uci.edu', 9014).
2025-02-12 21:34:46,084 - Worker-0 - INFO - Downloaded http://wics.ics.uci.edu/events/category/wics-bonding/day/2019-04-20, status <200>, using cache ('styx.ics.uci.edu', 9014).
2025-02-12 21:34:46,637 - Worker-0 - INFO - Downloaded http://wics.ics.uci.edu/events/category/wics-bonding/day/2019-04-20/?outlook-ical=1, status <200>, using cache ('styx.ics.uci.edu', 9014).
2025-02-12 21:34:47,160 - Worker-0 - INFO - Downloaded http://wics.ics.uci.edu/events/category/wics-bonding/day/2019-04-20/?ical=1, status <200>, using cache ('styx.ics.uci.edu', 9014).
2025-02-12 21:34:47,670 - Worker-0 - INFO - Downloaded webcal://wics.ics.uci.edu/?post_type=tribe_events&tribe_events_cat=wics-bonding&tribe-bar-date=2019-04-20&ical=1&eventDisplay=list, status <603>, using cache ('styx.ics.uci.edu', 9014).
2025-02-12 21:34:48,734 - Worker-0 - INFO - Downloaded http://wics.ics.uci.edu/events/category/wics-bonding/day/2019-04-21, status <200>, using cache ('styx.ics.uci.edu', 9014).
2025-02-12 21:34:49,290 - Worker-0 - INFO - Downloaded http://wics.ics.uci.edu/events/category/wics-bonding/day/2019-04-21/?outlook-ical=1, status <200>, using cache ('styx.ics.uci.edu', 9014).
2025-02-12 21:34:49,806 - Worker-0 - INFO - Downloaded http://wics.ics.uci.edu/events/category/wics-bonding/day/2019-04-21/?ical=1, status <200>, using cache ('styx.ics.uci.edu', 9014).
2025-02-12 21:34:50,321 - Worker-0 - INFO - Downloaded webcal://wics.ics.uci.edu/?post_type=tribe_events&tribe_events_cat=wics-bonding&tribe-bar-date=2019-04-21&ical=1&eventDisplay=list, status <603>, using cache ('styx.ics.uci.edu', 9014).
2025-02-12 21:34:50,831 - Worker-0 - INFO - Downloaded http://wics.ics.uci.edu/events/category/wics-bonding/day/2019-04-22, status <200>, using cache ('styx.ics.uci.edu', 9014).
2025-02-12 21:34:51,386 - Worker-0 - INFO - Downloaded http://wics.ics.uci.edu/events/category/wics-bonding/day/2019-04-22/?outlook-ical=1, status <200>, using cache ('styx.ics.uci.edu', 9014).
2025-02-12 21:34:51,896 - Worker-0 - INFO - Downloaded http://wics.ics.uci.edu/events/category/wics-bonding/day/2019-04-22/?ical=1, status <200>, using cache ('styx.ics.uci.edu', 9014).
2025-02-12 21:34:52,405 - Worker-0 - INFO - Downloaded webcal://wics.ics.uci.edu/?post_type=tribe_events&tribe_events_cat=wics-bonding&tribe-bar-date=2019-04-22&ical=1&eventDisplay=list, status <603>, using cache ('styx.ics.uci.edu', 9014).
2025-02-12 21:34:52,916 - Worker-0 - INFO - Downloaded http://wics.ics.uci.edu/events/category/wics-bonding/day/2019-04-23, status <200>, using cache ('styx.ics.uci.edu', 9014).
2025-02-12 21:34:53,474 - Worker-0 - INFO - Downloaded http://wics.ics.uci.edu/events/category/wics-bonding/day/2019-04-23/?outlook-ical=1, status <200>, using cache ('styx.ics.uci.edu', 9014).
2025-02-12 21:34:53,983 - Worker-0 - INFO - Downloaded http://wics.ics.uci.edu/events/category/wics-bonding/day/2019-04-23/?ical=1, status <200>, using cache ('styx.ics.uci.edu', 9014).
2025-02-12 21:34:54,492 - Worker-0 - INFO - Downloaded webcal://wics.ics.uci.edu/?post_type=tribe_events&tribe_events_cat=wics-bonding&tribe-bar-date=2019-04-23&ical=1&eventDisplay=list, status <603>, using cache ('styx.ics.uci.edu', 9014).
2025-02-12 21:34:55,002 - Worker-0 - INFO - Downloaded http://wics.ics.uci.edu/events/category/wics-bonding/day/2019-04-24, status <200>, using cache ('styx.ics.uci.edu', 9014).
2025-02-12 21:34:55,559 - Worker-0 - INFO - Downloaded http://wics.ics.uci.edu/events/category/wics-bonding/day/2019-04-24/?outlook-ical=1, status <200>, using cache ('styx.ics.uci.edu', 9014).
2025-02-12 21:34:56,068 - Worker-0 - INFO - Downloaded http://wics.ics.uci.edu/events/category/wics-bonding/day/2019-04-24/?ical=1, status <200>, using cache ('styx.ics.uci.edu', 9014).
2025-02-12 21:34:56,577 - Worker-0 - INFO - Downloaded webcal://wics.ics.uci.edu/?post_type=tribe_events&tribe_events_cat=wics-bonding&tribe-bar-date=2019-04-24&ical=1&eventDisplay=list, status <603>, using cache ('styx.ics.uci.edu', 9014).
2025-02-12 21:34:57,086 - Worker-0 - INFO - Downloaded http://wics.ics.uci.edu/events/category/wics-bonding/day/2019-04-25, status <200>, using cache ('styx.ics.uci.edu', 9014).
2025-02-12 21:34:57,643 - Worker-0 - INFO - Downloaded http://wics.ics.uci.edu/events/category/wics-bonding/day/2019-04-25/?outlook-ical=1, status <200>, using cache ('styx.ics.uci.edu', 9014).
2025-02-12 21:34:58,814 - Worker-0 - INFO - Downloaded http://wics.ics.uci.edu/events/category/wics-bonding/day/2019-04-25/?ical=1, status <200>, using cache ('styx.ics.uci.edu', 9014).
2025-02-12 21:34:59,472 - Worker-0 - INFO - Downloaded webcal://wics.ics.uci.edu/?post_type=tribe_events&tribe_events_cat=wics-bonding&tribe-bar-date=2019-04-25&ical=1&eventDisplay=list, status <603>, using cache ('styx.ics.uci.edu', 9014).
2025-02-12 21:34:59,981 - Worker-0 - INFO - Downloaded http://wics.ics.uci.edu/events/category/wics-bonding/day/2019-04-26, status <200>, using cache ('styx.ics.uci.edu', 9014).
2025-02-12 21:35:00,545 - Worker-0 - INFO - Downloaded http://wics.ics.uci.edu/events/category/wics-bonding/day/2019-04-26/?outlook-ical=1, status <200>, using cache ('styx.ics.uci.edu', 9014).
2025-02-12 21:35:01,055 - Worker-0 - INFO - Downloaded http://wics.ics.uci.edu/events/category/wics-bonding/day/2019-04-26/?ical=1, status <200>, using cache ('styx.ics.uci.edu', 9014).
2025-02-12 21:35:01,563 - Worker-0 - INFO - Downloaded webcal://wics.ics.uci.edu/?post_type=tribe_events&tribe_events_cat=wics-bonding&tribe-bar-date=2019-04-26&ical=1&eventDisplay=list, status <603>, using cache ('styx.ics.uci.edu', 9014).
2025-02-12 21:35:02,072 - Worker-0 - INFO - Downloaded http://wics.ics.uci.edu/events/category/wics-bonding/day/2019-04-27, status <200>, using cache ('styx.ics.uci.edu', 9014).
2025-02-12 21:35:02,631 - Worker-0 - INFO - Downloaded http://wics.ics.uci.edu/events/category/wics-bonding/day/2019-04-27/?outlook-ical=1, status <200>, using cache ('styx.ics.uci.edu', 9014).
2025-02-12 21:35:03,142 - Worker-0 - INFO - Downloaded http://wics.ics.uci.edu/events/category/wics-bonding/day/2019-04-27/?ical=1, status <200>, using cache ('styx.ics.uci.edu', 9014).
2025-02-12 21:35:03,650 - Worker-0 - INFO - Downloaded webcal://wics.ics.uci.edu/?post_type=tribe_events&tribe_events_cat=wics-bonding&tribe-bar-date=2019-04-27&ical=1&eventDisplay=list, status <603>, using cache ('styx.ics.uci.edu', 9014).
2025-02-12 21:35:04,161 - Worker-0 - INFO - Downloaded http://wics.ics.uci.edu/events/category/wics-bonding/day/2019-04-28, status <200>, using cache ('styx.ics.uci.edu', 9014).
2025-02-12 21:35:04,720 - Worker-0 - INFO - Downloaded http://wics.ics.uci.edu/events/category/wics-bonding/day/2019-04-28/?outlook-ical=1, status <200>, using cache ('styx.ics.uci.edu', 9014).
2025-02-12 21:35:05,229 - Worker-0 - INFO - Downloaded http://wics.ics.uci.edu/events/category/wics-bonding/day/2019-04-28/?ical=1, status <200>, using cache ('styx.ics.uci.edu', 9014).
2025-02-12 21:35:05,738 - Worker-0 - INFO - Downloaded webcal://wics.ics.uci.edu/?post_type=tribe_events&tribe_events_cat=wics-bonding&tribe-bar-date=2019-04-28&ical=1&eventDisplay=list, status <603>, using cache ('styx.ics.uci.edu', 9014).
2025-02-12 21:35:06,249 - Worker-0 - INFO - Downloaded http://wics.ics.uci.edu/events/category/wics-bonding/day/2019-04-29, status <200>, using cache ('styx.ics.uci.edu', 9014).
2025-02-12 21:35:06,802 - Worker-0 - INFO - Downloaded http://wics.ics.uci.edu/events/category/wics-bonding/day/2019-04-29/?outlook-ical=1, status <200>, using cache ('styx.ics.uci.edu', 9014).
2025-02-12 21:35:07,311 - Worker-0 - INFO - Downloaded http://wics.ics.uci.edu/events/category/wics-bonding/day/2019-04-29/?ical=1, status <200>, using cache ('styx.ics.uci.edu', 9014).
2025-02-12 21:35:07,819 - Worker-0 - INFO - Downloaded webcal://wics.ics.uci.edu/?post_type=tribe_events&tribe_events_cat=wics-bonding&tribe-bar-date=2019-04-29&ical=1&eventDisplay=list, status <603>, using cache ('styx.ics.uci.edu', 9014).
2025-02-12 21:35:08,330 - Worker-0 - INFO - Downloaded http://wics.ics.uci.edu/events/category/wics-bonding/day/2019-04-30, status <200>, using cache ('styx.ics.uci.edu', 9014).
2025-02-12 21:35:08,882 - Worker-0 - INFO - Downloaded http://wics.ics.uci.edu/events/category/wics-bonding/day/2019-04-30/?outlook-ical=1, status <200>, using cache ('styx.ics.uci.edu', 9014).
2025-02-12 21:35:09,391 - Worker-0 - INFO - Downloaded http://wics.ics.uci.edu/events/category/wics-bonding/day/2019-04-30/?ical=1, status <200>, using cache ('styx.ics.uci.edu', 9014).
2025-02-12 21:35:09,899 - Worker-0 - INFO - Downloaded webcal://wics.ics.uci.edu/?post_type=tribe_events&tribe_events_cat=wics-bonding&tribe-bar-date=2019-04-30&ical=1&eventDisplay=list, status <603>, using cache ('styx.ics.uci.edu', 9014).
2025-02-12 21:35:10,409 - Worker-0 - INFO - Downloaded http://wics.ics.uci.edu/events/category/wics-bonding/list/?tribe-bar-date=2019-04-30, status <200>, using cache ('styx.ics.uci.edu', 9014).
2025-02-12 21:35:10,961 - Worker-0 - INFO - Downloaded http://wics.ics.uci.edu/events/category/wics-bonding/list/?tribe-bar-date=2019-04-30&outlook-ical=1, status <200>, using cache ('styx.ics.uci.edu', 9014).
2025-02-12 21:35:11,469 - Worker-0 - INFO - Downloaded http://wics.ics.uci.edu/events/category/wics-bonding/list/?tribe-bar-date=2019-04-30&ical=1, status <200>, using cache ('styx.ics.uci.edu', 9014).
2025-02-12 21:35:11,978 - Worker-0 - INFO - Downloaded webcal://wics.ics.uci.edu/?post_type=tribe_events&tribe-bar-date=2019-04-30&tribe_events_cat=wics-bonding&ical=1&eventDisplay=list, status <603>, using cache ('styx.ics.uci.edu', 9014).
2025-02-12 21:35:12,488 - Worker-0 - INFO - Downloaded http://wics.ics.uci.edu/events/category/wics-bonding/list/?tribe-bar-date=2019-04-30&eventDisplay=past, status <200>, using cache ('styx.ics.uci.edu', 9014).
2025-02-12 21:35:13,049 - Worker-0 - INFO - Downloaded http://wics.ics.uci.edu/events/category/wics-bonding/list/?tribe-bar-date=2019-04-30&eventDisplay=past&ical=1, status <200>, using cache ('styx.ics.uci.edu', 9014).
2025-02-12 21:35:13,638 - Worker-0 - INFO - Downloaded http://wics.ics.uci.edu/events/category/wics-bonding/list/?tribe-bar-date=2019-04-29, status <200>, using cache ('styx.ics.uci.edu', 9014).
2025-02-12 21:35:14,202 - Worker-0 - INFO - Downloaded http://wics.ics.uci.edu/events/category/wics-bonding/list/?tribe-bar-date=2019-04-29&outlook-ical=1, status <200>, using cache ('styx.ics.uci.edu', 9014).
2025-02-12 21:35:14,711 - Worker-0 - INFO - Downloaded http://wics.ics.uci.edu/events/category/wics-bonding/list/?tribe-bar-date=2019-04-29&ical=1, status <200>, using cache ('styx.ics.uci.edu', 9014).
2025-02-12 21:35:15,218 - Worker-0 - INFO - Downloaded webcal://wics.ics.uci.edu/?post_type=tribe_events&tribe-bar-date=2019-04-29&tribe_events_cat=wics-bonding&ical=1&eventDisplay=list, status <603>, using cache ('styx.ics.uci.edu', 9014).
2025-02-12 21:35:15,730 - Worker-0 - INFO - Downloaded http://wics.ics.uci.edu/events/category/wics-bonding/list/?tribe-bar-date=2019-04-29&eventDisplay=past, status <200>, using cache ('styx.ics.uci.edu', 9014).
2025-02-12 21:35:16,281 - Worker-0 - INFO - Downloaded http://wics.ics.uci.edu/events/category/wics-bonding/list/?tribe-bar-date=2019-04-29&eventDisplay=past&ical=1, status <200>, using cache ('styx.ics.uci.edu', 9014).
2025-02-12 21:35:16,861 - Worker-0 - INFO - Downloaded http://wics.ics.uci.edu/events/category/wics-bonding/list/?tribe-bar-date=2019-04-28, status <200>, using cache ('styx.ics.uci.edu', 9014).
2025-02-12 21:35:17,432 - Worker-0 - INFO - Downloaded http://wics.ics.uci.edu/events/category/wics-bonding/list/?tribe-bar-date=2019-04-28&outlook-ical=1, status <200>, using cache ('styx.ics.uci.edu', 9014).
2025-02-12 21:35:17,941 - Worker-0 - INFO - Downloaded http://wics.ics.uci.edu/events/category/wics-bonding/list/?tribe-bar-date=2019-04-28&ical=1, status <200>, using cache ('styx.ics.uci.edu', 9014).
2025-02-12 21:35:18,449 - Worker-0 - INFO - Downloaded webcal://wics.ics.uci.edu/?post_type=tribe_events&tribe-bar-date=2019-04-28&tribe_events_cat=wics-bonding&ical=1&eventDisplay=list, status <603>, using cache ('styx.ics.uci.edu', 9014).
2025-02-12 21:35:18,958 - Worker-0 - INFO - Downloaded http://wics.ics.uci.edu/events/category/wics-bonding/list/?tribe-bar-date=2019-04-28&eventDisplay=past, status <200>, using cache ('styx.ics.uci.edu', 9014).
2025-02-12 21:35:19,511 - Worker-0 - INFO - Downloaded http://wics.ics.uci.edu/events/category/wics-bonding/list/?tribe-bar-date=2019-04-28&eventDisplay=past&ical=1, status <200>, using cache ('styx.ics.uci.edu', 9014).
2025-02-12 21:35:20,090 - Worker-0 - INFO - Downloaded http://wics.ics.uci.edu/events/category/wics-bonding/list/?tribe-bar-date=2019-04-27, status <200>, using cache ('styx.ics.uci.edu', 9014).
2025-02-12 21:35:20,642 - Worker-0 - INFO - Downloaded http://wics.ics.uci.edu/events/category/wics-bonding/list/?tribe-bar-date=2019-04-27&outlook-ical=1, status <200>, using cache ('styx.ics.uci.edu', 9014).
2025-02-12 21:35:21,150 - Worker-0 - INFO - Downloaded http://wics.ics.uci.edu/events/category/wics-bonding/list/?tribe-bar-date=2019-04-27&ical=1, status <200>, using cache ('styx.ics.uci.edu', 9014).
2025-02-12 21:35:21,659 - Worker-0 - INFO - Downloaded webcal://wics.ics.uci.edu/?post_type=tribe_events&tribe-bar-date=2019-04-27&tribe_events_cat=wics-bonding&ical=1&eventDisplay=list, status <603>, using cache ('styx.ics.uci.edu', 9014).
2025-02-12 21:35:22,170 - Worker-0 - INFO - Downloaded http://wics.ics.uci.edu/events/category/wics-bonding/list/?tribe-bar-date=2019-04-27&eventDisplay=past, status <200>, using cache ('styx.ics.uci.edu', 9014).
2025-02-12 21:35:22,723 - Worker-0 - INFO - Downloaded http://wics.ics.uci.edu/events/category/wics-bonding/list/?tribe-bar-date=2019-04-27&eventDisplay=past&ical=1, status <200>, using cache ('styx.ics.uci.edu', 9014).
2025-02-12 21:35:23,304 - Worker-0 - INFO - Downloaded http://wics.ics.uci.edu/events/category/wics-bonding/list/?tribe-bar-date=2019-04-26, status <200>, using cache ('styx.ics.uci.edu', 9014).
2025-02-12 21:35:23,856 - Worker-0 - INFO - Downloaded http://wics.ics.uci.edu/events/category/wics-bonding/list/?tribe-bar-date=2019-04-26&outlook-ical=1, status <200>, using cache ('styx.ics.uci.edu', 9014).
2025-02-12 21:35:24,365 - Worker-0 - INFO - Downloaded http://wics.ics.uci.edu/events/category/wics-bonding/list/?tribe-bar-date=2019-04-26&ical=1, status <200>, using cache ('styx.ics.uci.edu', 9014).
2025-02-12 21:35:24,873 - Worker-0 - INFO - Downloaded webcal://wics.ics.uci.edu/?post_type=tribe_events&tribe-bar-date=2019-04-26&tribe_events_cat=wics-bonding&ical=1&eventDisplay=list, status <603>, using cache ('styx.ics.uci.edu', 9014).
2025-02-12 21:35:25,384 - Worker-0 - INFO - Downloaded http://wics.ics.uci.edu/events/category/wics-bonding/list/?tribe-bar-date=2019-04-26&eventDisplay=past, status <200>, using cache ('styx.ics.uci.edu', 9014).
2025-02-12 21:35:25,954 - Worker-0 - INFO - Downloaded http://wics.ics.uci.edu/events/category/wics-bonding/list/?tribe-bar-date=2019-04-26&eventDisplay=past&ical=1, status <200>, using cache ('styx.ics.uci.edu', 9014).
2025-02-12 21:35:26,535 - Worker-0 - INFO - Downloaded http://wics.ics.uci.edu/events/category/wics-bonding/list/?tribe-bar-date=2019-04-25, status <200>, using cache ('styx.ics.uci.edu', 9014).
2025-02-12 21:35:27,092 - Worker-0 - INFO - Downloaded http://wics.ics.uci.edu/events/category/wics-bonding/list/?tribe-bar-date=2019-04-25&outlook-ical=1, status <200>, using cache ('styx.ics.uci.edu', 9014).
2025-02-12 21:35:27,601 - Worker-0 - INFO - Downloaded http://wics.ics.uci.edu/events/category/wics-bonding/list/?tribe-bar-date=2019-04-25&ical=1, status <200>, using cache ('styx.ics.uci.edu', 9014).
2025-02-12 21:35:28,110 - Worker-0 - INFO - Downloaded webcal://wics.ics.uci.edu/?post_type=tribe_events&tribe-bar-date=2019-04-25&tribe_events_cat=wics-bonding&ical=1&eventDisplay=list, status <603>, using cache ('styx.ics.uci.edu', 9014).
2025-02-12 21:35:28,620 - Worker-0 - INFO - Downloaded http://wics.ics.uci.edu/events/category/wics-bonding/list/?tribe-bar-date=2019-04-25&eventDisplay=past, status <200>, using cache ('styx.ics.uci.edu', 9014).
2025-02-12 21:35:29,172 - Worker-0 - INFO - Downloaded http://wics.ics.uci.edu/events/category/wics-bonding/list/?tribe-bar-date=2019-04-25&eventDisplay=past&ical=1, status <200>, using cache ('styx.ics.uci.edu', 9014).
2025-02-12 21:35:29,754 - Worker-0 - INFO - Downloaded http://wics.ics.uci.edu/events/category/wics-bonding/list/?tribe-bar-date=2019-04-24, status <200>, using cache ('styx.ics.uci.edu', 9014).
2025-02-12 21:35:30,305 - Worker-0 - INFO - Downloaded http://wics.ics.uci.edu/events/category/wics-bonding/list/?tribe-bar-date=2019-04-24&outlook-ical=1, status <200>, using cache ('styx.ics.uci.edu', 9014).
2025-02-12 21:35:30,814 - Worker-0 - INFO - Downloaded http://wics.ics.uci.edu/events/category/wics-bonding/list/?tribe-bar-date=2019-04-24&ical=1, status <200>, using cache ('styx.ics.uci.edu', 9014).
2025-02-12 21:35:31,350 - Worker-0 - INFO - Downloaded webcal://wics.ics.uci.edu/?post_type=tribe_events&tribe-bar-date=2019-04-24&tribe_events_cat=wics-bonding&ical=1&eventDisplay=list, status <603>, using cache ('styx.ics.uci.edu', 9014).
2025-02-12 21:35:31,860 - Worker-0 - INFO - Downloaded http://wics.ics.uci.edu/events/category/wics-bonding/list/?tribe-bar-date=2019-04-24&eventDisplay=past, status <200>, using cache ('styx.ics.uci.edu', 9014).
2025-02-12 21:35:32,413 - Worker-0 - INFO - Downloaded http://wics.ics.uci.edu/events/category/wics-bonding/list/?tribe-bar-date=2019-04-24&eventDisplay=past&ical=1, status <200>, using cache ('styx.ics.uci.edu', 9014).
2025-02-12 21:35:32,993 - Worker-0 - INFO - Downloaded http://wics.ics.uci.edu/events/category/wics-bonding/list/?tribe-bar-date=2019-04-23, status <200>, using cache ('styx.ics.uci.edu', 9014).
2025-02-12 21:35:33,543 - Worker-0 - INFO - Downloaded http://wics.ics.uci.edu/events/category/wics-bonding/list/?tribe-bar-date=2019-04-23&outlook-ical=1, status <200>, using cache ('styx.ics.uci.edu', 9014).
2025-02-12 21:35:34,051 - Worker-0 - INFO - Downloaded http://wics.ics.uci.edu/events/category/wics-bonding/list/?tribe-bar-date=2019-04-23&ical=1, status <200>, using cache ('styx.ics.uci.edu', 9014).
2025-02-12 21:35:34,559 - Worker-0 - INFO - Downloaded webcal://wics.ics.uci.edu/?post_type=tribe_events&tribe-bar-date=2019-04-23&tribe_events_cat=wics-bonding&ical=1&eventDisplay=list, status <603>, using cache ('styx.ics.uci.edu', 9014).
2025-02-12 21:35:35,069 - Worker-0 - INFO - Downloaded http://wics.ics.uci.edu/events/category/wics-bonding/list/?tribe-bar-date=2019-04-23&eventDisplay=past, status <200>, using cache ('styx.ics.uci.edu', 9014).
2025-02-12 21:35:35,622 - Worker-0 - INFO - Downloaded http://wics.ics.uci.edu/events/category/wics-bonding/list/?tribe-bar-date=2019-04-23&eventDisplay=past&ical=1, status <200>, using cache ('styx.ics.uci.edu', 9014).
2025-02-12 21:35:36,201 - Worker-0 - INFO - Downloaded http://wics.ics.uci.edu/events/category/wics-bonding/list/?tribe-bar-date=2019-04-22, status <200>, using cache ('styx.ics.uci.edu', 9014).
2025-02-12 21:35:36,750 - Worker-0 - INFO - Downloaded http://wics.ics.uci.edu/events/category/wics-bonding/list/?tribe-bar-date=2019-04-22&outlook-ical=1, status <200>, using cache ('styx.ics.uci.edu', 9014).
2025-02-12 21:35:37,259 - Worker-0 - INFO - Downloaded http://wics.ics.uci.edu/events/category/wics-bonding/list/?tribe-bar-date=2019-04-22&ical=1, status <200>, using cache ('styx.ics.uci.edu', 9014).
2025-02-12 21:35:37,767 - Worker-0 - INFO - Downloaded webcal://wics.ics.uci.edu/?post_type=tribe_events&tribe-bar-date=2019-04-22&tribe_events_cat=wics-bonding&ical=1&eventDisplay=list, status <603>, using cache ('styx.ics.uci.edu', 9014).
2025-02-12 21:35:38,277 - Worker-0 - INFO - Downloaded http://wics.ics.uci.edu/events/category/wics-bonding/list/?tribe-bar-date=2019-04-22&eventDisplay=past, status <200>, using cache ('styx.ics.uci.edu', 9014).
2025-02-12 21:35:38,832 - Worker-0 - INFO - Downloaded http://wics.ics.uci.edu/events/category/wics-bonding/list/?tribe-bar-date=2019-04-22&eventDisplay=past&ical=1, status <200>, using cache ('styx.ics.uci.edu', 9014).
2025-02-12 21:35:39,411 - Worker-0 - INFO - Downloaded http://wics.ics.uci.edu/events/category/wics-bonding/list/?tribe-bar-date=2019-04-21, status <200>, using cache ('styx.ics.uci.edu', 9014).
2025-02-12 21:35:39,960 - Worker-0 - INFO - Downloaded http://wics.ics.uci.edu/events/category/wics-bonding/list/?tribe-bar-date=2019-04-21&outlook-ical=1, status <200>, using cache ('styx.ics.uci.edu', 9014).
2025-02-12 21:35:40,472 - Worker-0 - INFO - Downloaded http://wics.ics.uci.edu/events/category/wics-bonding/list/?tribe-bar-date=2019-04-21&ical=1, status <200>, using cache ('styx.ics.uci.edu', 9014).
2025-02-12 21:35:40,981 - Worker-0 - INFO - Downloaded webcal://wics.ics.uci.edu/?post_type=tribe_events&tribe-bar-date=2019-04-21&tribe_events_cat=wics-bonding&ical=1&eventDisplay=list, status <603>, using cache ('styx.ics.uci.edu', 9014).
2025-02-12 21:35:41,490 - Worker-0 - INFO - Downloaded http://wics.ics.uci.edu/events/category/wics-bonding/list/?tribe-bar-date=2019-04-21&eventDisplay=past, status <200>, using cache ('styx.ics.uci.edu', 9014).
2025-02-12 21:35:42,045 - Worker-0 - INFO - Downloaded http://wics.ics.uci.edu/events/category/wics-bonding/list/?tribe-bar-date=2019-04-21&eventDisplay=past&ical=1, status <200>, using cache ('styx.ics.uci.edu', 9014).
2025-02-12 21:35:42,626 - Worker-0 - INFO - Downloaded http://wics.ics.uci.edu/events/category/wics-bonding/list/?tribe-bar-date=2019-04-20, status <200>, using cache ('styx.ics.uci.edu', 9014).
2025-02-12 21:35:43,177 - Worker-0 - INFO - Downloaded http://wics.ics.uci.edu/events/category/wics-bonding/list/?tribe-bar-date=2019-04-20&outlook-ical=1, status <200>, using cache ('styx.ics.uci.edu', 9014).
2025-02-12 21:35:43,687 - Worker-0 - INFO - Downloaded http://wics.ics.uci.edu/events/category/wics-bonding/list/?tribe-bar-date=2019-04-20&ical=1, status <200>, using cache ('styx.ics.uci.edu', 9014).
2025-02-12 21:35:44,195 - Worker-0 - INFO - Downloaded webcal://wics.ics.uci.edu/?post_type=tribe_events&tribe-bar-date=2019-04-20&tribe_events_cat=wics-bonding&ical=1&eventDisplay=list, status <603>, using cache ('styx.ics.uci.edu', 9014).
2025-02-12 21:35:44,706 - Worker-0 - INFO - Downloaded http://wics.ics.uci.edu/events/category/wics-bonding/list/?tribe-bar-date=2019-04-20&eventDisplay=past, status <200>, using cache ('styx.ics.uci.edu', 9014).
2025-02-12 21:35:45,262 - Worker-0 - INFO - Downloaded http://wics.ics.uci.edu/events/category/wics-bonding/list/?tribe-bar-date=2019-04-20&eventDisplay=past&ical=1, status <200>, using cache ('styx.ics.uci.edu', 9014).
2025-02-12 21:35:45,855 - Worker-0 - INFO - Downloaded http://wics.ics.uci.edu/events/category/wics-bonding/list/?tribe-bar-date=2019-04-19, status <200>, using cache ('styx.ics.uci.edu', 9014).
2025-02-12 21:35:46,405 - Worker-0 - INFO - Downloaded http://wics.ics.uci.edu/events/category/wics-bonding/list/?tribe-bar-date=2019-04-19&outlook-ical=1, status <200>, using cache ('styx.ics.uci.edu', 9014).
2025-02-12 21:35:46,913 - Worker-0 - INFO - Downloaded http://wics.ics.uci.edu/events/category/wics-bonding/list/?tribe-bar-date=2019-04-19&ical=1, status <200>, using cache ('styx.ics.uci.edu', 9014).
2025-02-12 21:35:47,421 - Worker-0 - INFO - Downloaded webcal://wics.ics.uci.edu/?post_type=tribe_events&tribe-bar-date=2019-04-19&tribe_events_cat=wics-bonding&ical=1&eventDisplay=list, status <603>, using cache ('styx.ics.uci.edu', 9014).
2025-02-12 21:35:47,931 - Worker-0 - INFO - Downloaded http://wics.ics.uci.edu/events/category/wics-bonding/list/?tribe-bar-date=2019-04-19&eventDisplay=past, status <200>, using cache ('styx.ics.uci.edu', 9014).
2025-02-12 21:35:48,487 - Worker-0 - INFO - Downloaded http://wics.ics.uci.edu/events/category/wics-bonding/list/?tribe-bar-date=2019-04-19&eventDisplay=past&ical=1, status <200>, using cache ('styx.ics.uci.edu', 9014).
2025-02-12 21:35:49,070 - Worker-0 - INFO - Downloaded http://wics.ics.uci.edu/events/category/wics-bonding/list/?tribe-bar-date=2019-04-18, status <200>, using cache ('styx.ics.uci.edu', 9014).
2025-02-12 21:35:49,634 - Worker-0 - INFO - Downloaded http://wics.ics.uci.edu/events/category/wics-bonding/list/?tribe-bar-date=2019-04-18&outlook-ical=1, status <200>, using cache ('styx.ics.uci.edu', 9014).
2025-02-12 21:35:50,144 - Worker-0 - INFO - Downloaded http://wics.ics.uci.edu/events/category/wics-bonding/list/?tribe-bar-date=2019-04-18&ical=1, status <200>, using cache ('styx.ics.uci.edu', 9014).
2025-02-12 21:35:50,652 - Worker-0 - INFO - Downloaded webcal://wics.ics.uci.edu/?post_type=tribe_events&tribe-bar-date=2019-04-18&tribe_events_cat=wics-bonding&ical=1&eventDisplay=list, status <603>, using cache ('styx.ics.uci.edu', 9014).
2025-02-12 21:35:51,162 - Worker-0 - INFO - Downloaded http://wics.ics.uci.edu/events/category/wics-bonding/list/?tribe-bar-date=2019-04-18&eventDisplay=past, status <200>, using cache ('styx.ics.uci.edu', 9014).
2025-02-12 21:35:51,716 - Worker-0 - INFO - Downloaded http://wics.ics.uci.edu/events/category/wics-bonding/list/?tribe-bar-date=2019-04-18&eventDisplay=past&ical=1, status <200>, using cache ('styx.ics.uci.edu', 9014).
2025-02-12 21:35:52,296 - Worker-0 - INFO - Downloaded http://wics.ics.uci.edu/events/category/wics-bonding/list/?tribe-bar-date=2019-04-17, status <200>, using cache ('styx.ics.uci.edu', 9014).
2025-02-12 21:35:52,848 - Worker-0 - INFO - Downloaded http://wics.ics.uci.edu/events/category/wics-bonding/list/?tribe-bar-date=2019-04-17&outlook-ical=1, status <200>, using cache ('styx.ics.uci.edu', 9014).
2025-02-12 21:35:53,357 - Worker-0 - INFO - Downloaded http://wics.ics.uci.edu/events/category/wics-bonding/list/?tribe-bar-date=2019-04-17&ical=1, status <200>, using cache ('styx.ics.uci.edu', 9014).
2025-02-12 21:35:53,865 - Worker-0 - INFO - Downloaded webcal://wics.ics.uci.edu/?post_type=tribe_events&tribe-bar-date=2019-04-17&tribe_events_cat=wics-bonding&ical=1&eventDisplay=list, status <603>, using cache ('styx.ics.uci.edu', 9014).
2025-02-12 21:35:54,375 - Worker-0 - INFO - Downloaded http://wics.ics.uci.edu/events/category/wics-bonding/list/?tribe-bar-date=2019-04-17&eventDisplay=past, status <200>, using cache ('styx.ics.uci.edu', 9014).
2025-02-12 21:35:54,928 - Worker-0 - INFO - Downloaded http://wics.ics.uci.edu/events/category/wics-bonding/list/?tribe-bar-date=2019-04-17&eventDisplay=past&ical=1, status <200>, using cache ('styx.ics.uci.edu', 9014).
2025-02-12 21:35:55,508 - Worker-0 - INFO - Downloaded http://wics.ics.uci.edu/events/category/wics-bonding/list/?tribe-bar-date=2019-04-16, status <200>, using cache ('styx.ics.uci.edu', 9014).
2025-02-12 21:35:56,063 - Worker-0 - INFO - Downloaded http://wics.ics.uci.edu/events/category/wics-bonding/list/?tribe-bar-date=2019-04-16&outlook-ical=1, status <200>, using cache ('styx.ics.uci.edu', 9014).
2025-02-12 21:35:56,572 - Worker-0 - INFO - Downloaded http://wics.ics.uci.edu/events/category/wics-bonding/list/?tribe-bar-date=2019-04-16&ical=1, status <200>, using cache ('styx.ics.uci.edu', 9014).
2025-02-12 21:35:57,087 - Worker-0 - INFO - Downloaded webcal://wics.ics.uci.edu/?post_type=tribe_events&tribe-bar-date=2019-04-16&tribe_events_cat=wics-bonding&ical=1&eventDisplay=list, status <603>, using cache ('styx.ics.uci.edu', 9014).
2025-02-12 21:35:57,596 - Worker-0 - INFO - Downloaded http://wics.ics.uci.edu/events/category/wics-bonding/list/?tribe-bar-date=2019-04-16&eventDisplay=past, status <200>, using cache ('styx.ics.uci.edu', 9014).
2025-02-12 21:35:58,150 - Worker-0 - INFO - Downloaded http://wics.ics.uci.edu/events/category/wics-bonding/list/?tribe-bar-date=2019-04-16&eventDisplay=past&ical=1, status <200>, using cache ('styx.ics.uci.edu', 9014).
2025-02-12 21:35:58,730 - Worker-0 - INFO - Downloaded http://wics.ics.uci.edu/events/category/wics-bonding/list/?tribe-bar-date=2019-04-15, status <200>, using cache ('styx.ics.uci.edu', 9014).
2025-02-12 21:35:59,283 - Worker-0 - INFO - Downloaded http://wics.ics.uci.edu/events/category/wics-bonding/list/?tribe-bar-date=2019-04-15&outlook-ical=1, status <200>, using cache ('styx.ics.uci.edu', 9014).
2025-02-12 21:35:59,805 - Worker-0 - INFO - Downloaded http://wics.ics.uci.edu/events/category/wics-bonding/list/?tribe-bar-date=2019-04-15&ical=1, status <200>, using cache ('styx.ics.uci.edu', 9014).
2025-02-12 21:36:00,314 - Worker-0 - INFO - Downloaded webcal://wics.ics.uci.edu/?post_type=tribe_events&tribe-bar-date=2019-04-15&tribe_events_cat=wics-bonding&ical=1&eventDisplay=list, status <603>, using cache ('styx.ics.uci.edu', 9014).
2025-02-12 21:36:00,824 - Worker-0 - INFO - Downloaded http://wics.ics.uci.edu/events/category/wics-bonding/list/?tribe-bar-date=2019-04-15&eventDisplay=past, status <200>, using cache ('styx.ics.uci.edu', 9014).
2025-02-12 21:36:01,378 - Worker-0 - INFO - Downloaded http://wics.ics.uci.edu/events/category/wics-bonding/list/?tribe-bar-date=2019-04-15&eventDisplay=past&ical=1, status <200>, using cache ('styx.ics.uci.edu', 9014).
2025-02-12 21:36:01,962 - Worker-0 - INFO - Downloaded http://wics.ics.uci.edu/events/category/wics-bonding/list/?tribe-bar-date=2019-04-14, status <200>, using cache ('styx.ics.uci.edu', 9014).
2025-02-12 21:36:02,515 - Worker-0 - INFO - Downloaded http://wics.ics.uci.edu/events/category/wics-bonding/list/?tribe-bar-date=2019-04-14&outlook-ical=1, status <200>, using cache ('styx.ics.uci.edu', 9014).
2025-02-12 21:36:03,024 - Worker-0 - INFO - Downloaded http://wics.ics.uci.edu/events/category/wics-bonding/list/?tribe-bar-date=2019-04-14&ical=1, status <200>, using cache ('styx.ics.uci.edu', 9014).
2025-02-12 21:36:03,532 - Worker-0 - INFO - Downloaded webcal://wics.ics.uci.edu/?post_type=tribe_events&tribe-bar-date=2019-04-14&tribe_events_cat=wics-bonding&ical=1&eventDisplay=list, status <603>, using cache ('styx.ics.uci.edu', 9014).
2025-02-12 21:36:04,043 - Worker-0 - INFO - Downloaded http://wics.ics.uci.edu/events/category/wics-bonding/list/?tribe-bar-date=2019-04-14&eventDisplay=past, status <200>, using cache ('styx.ics.uci.edu', 9014).
2025-02-12 21:36:04,599 - Worker-0 - INFO - Downloaded http://wics.ics.uci.edu/events/category/wics-bonding/list/?tribe-bar-date=2019-04-14&eventDisplay=past&ical=1, status <200>, using cache ('styx.ics.uci.edu', 9014).
2025-02-12 21:36:05,185 - Worker-0 - INFO - Downloaded http://wics.ics.uci.edu/events/category/wics-bonding/list/?tribe-bar-date=2019-04-13, status <200>, using cache ('styx.ics.uci.edu', 9014).
2025-02-12 21:36:05,737 - Worker-0 - INFO - Downloaded http://wics.ics.uci.edu/events/category/wics-bonding/list/?tribe-bar-date=2019-04-13&outlook-ical=1, status <200>, using cache ('styx.ics.uci.edu', 9014).
2025-02-12 21:36:06,246 - Worker-0 - INFO - Downloaded http://wics.ics.uci.edu/events/category/wics-bonding/list/?tribe-bar-date=2019-04-13&ical=1, status <200>, using cache ('styx.ics.uci.edu', 9014).
2025-02-12 21:36:06,754 - Worker-0 - INFO - Downloaded webcal://wics.ics.uci.edu/?post_type=tribe_events&tribe-bar-date=2019-04-13&tribe_events_cat=wics-bonding&ical=1&eventDisplay=list, status <603>, using cache ('styx.ics.uci.edu', 9014).
2025-02-12 21:36:07,264 - Worker-0 - INFO - Downloaded http://wics.ics.uci.edu/events/category/wics-bonding/list/?tribe-bar-date=2019-04-13&eventDisplay=past, status <200>, using cache ('styx.ics.uci.edu', 9014).
2025-02-12 21:36:07,816 - Worker-0 - INFO - Downloaded http://wics.ics.uci.edu/events/category/wics-bonding/list/?tribe-bar-date=2019-04-13&eventDisplay=past&ical=1, status <200>, using cache ('styx.ics.uci.edu', 9014).
2025-02-12 21:36:08,397 - Worker-0 - INFO - Downloaded http://wics.ics.uci.edu/events/category/wics-bonding/list/?tribe-bar-date=2019-04-12, status <200>, using cache ('styx.ics.uci.edu', 9014).
2025-02-12 21:36:08,952 - Worker-0 - INFO - Downloaded http://wics.ics.uci.edu/events/category/wics-bonding/list/?tribe-bar-date=2019-04-12&outlook-ical=1, status <200>, using cache ('styx.ics.uci.edu', 9014).
2025-02-12 21:36:09,461 - Worker-0 - INFO - Downloaded http://wics.ics.uci.edu/events/category/wics-bonding/list/?tribe-bar-date=2019-04-12&ical=1, status <200>, using cache ('styx.ics.uci.edu', 9014).
2025-02-12 21:36:09,968 - Worker-0 - INFO - Downloaded webcal://wics.ics.uci.edu/?post_type=tribe_events&tribe-bar-date=2019-04-12&tribe_events_cat=wics-bonding&ical=1&eventDisplay=list, status <603>, using cache ('styx.ics.uci.edu', 9014).
2025-02-12 21:36:10,481 - Worker-0 - INFO - Downloaded http://wics.ics.uci.edu/events/category/wics-bonding/list/?tribe-bar-date=2019-04-12&eventDisplay=past, status <200>, using cache ('styx.ics.uci.edu', 9014).
2025-02-12 21:36:11,070 - Worker-0 - INFO - Downloaded http://wics.ics.uci.edu/events/category/wics-bonding/list/?tribe-bar-date=2019-04-12&eventDisplay=past&ical=1, status <200>, using cache ('styx.ics.uci.edu', 9014).
2025-02-12 21:36:11,668 - Worker-0 - INFO - Downloaded http://wics.ics.uci.edu/events/category/wics-bonding/list/?tribe-bar-date=2019-04-11, status <200>, using cache ('styx.ics.uci.edu', 9014).
2025-02-12 21:36:12,221 - Worker-0 - INFO - Downloaded http://wics.ics.uci.edu/events/category/wics-bonding/list/?tribe-bar-date=2019-04-11&outlook-ical=1, status <200>, using cache ('styx.ics.uci.edu', 9014).
2025-02-12 21:36:12,733 - Worker-0 - INFO - Downloaded http://wics.ics.uci.edu/events/category/wics-bonding/list/?tribe-bar-date=2019-04-11&ical=1, status <200>, using cache ('styx.ics.uci.edu', 9014).
2025-02-12 21:36:13,242 - Worker-0 - INFO - Downloaded webcal://wics.ics.uci.edu/?post_type=tribe_events&tribe-bar-date=2019-04-11&tribe_events_cat=wics-bonding&ical=1&eventDisplay=list, status <603>, using cache ('styx.ics.uci.edu', 9014).
2025-02-12 21:36:13,753 - Worker-0 - INFO - Downloaded http://wics.ics.uci.edu/events/category/wics-bonding/list/?tribe-bar-date=2019-04-11&eventDisplay=past, status <200>, using cache ('styx.ics.uci.edu', 9014).
2025-02-12 21:36:14,305 - Worker-0 - INFO - Downloaded http://wics.ics.uci.edu/events/category/wics-bonding/list/?tribe-bar-date=2019-04-11&eventDisplay=past&ical=1, status <200>, using cache ('styx.ics.uci.edu', 9014).
2025-02-12 21:36:14,886 - Worker-0 - INFO - Downloaded http://wics.ics.uci.edu/events/category/wics-bonding/list/?tribe-bar-date=2019-04-10, status <200>, using cache ('styx.ics.uci.edu', 9014).
2025-02-12 21:36:15,438 - Worker-0 - INFO - Downloaded http://wics.ics.uci.edu/events/category/wics-bonding/list/?tribe-bar-date=2019-04-10&outlook-ical=1, status <200>, using cache ('styx.ics.uci.edu', 9014).
2025-02-12 21:36:15,947 - Worker-0 - INFO - Downloaded http://wics.ics.uci.edu/events/category/wics-bonding/list/?tribe-bar-date=2019-04-10&ical=1, status <200>, using cache ('styx.ics.uci.edu', 9014).
2025-02-12 21:36:16,455 - Worker-0 - INFO - Downloaded webcal://wics.ics.uci.edu/?post_type=tribe_events&tribe-bar-date=2019-04-10&tribe_events_cat=wics-bonding&ical=1&eventDisplay=list, status <603>, using cache ('styx.ics.uci.edu', 9014).
2025-02-12 21:36:16,965 - Worker-0 - INFO - Downloaded http://wics.ics.uci.edu/events/category/wics-bonding/list/?tribe-bar-date=2019-04-10&eventDisplay=past, status <200>, using cache ('styx.ics.uci.edu', 9014).
2025-02-12 21:36:17,520 - Worker-0 - INFO - Downloaded http://wics.ics.uci.edu/events/category/wics-bonding/list/?tribe-bar-date=2019-04-10&eventDisplay=past&ical=1, status <200>, using cache ('styx.ics.uci.edu', 9014).
2025-02-12 21:36:18,104 - Worker-0 - INFO - Downloaded http://wics.ics.uci.edu/events/category/wics-bonding/list/?tribe-bar-date=2019-04-09, status <200>, using cache ('styx.ics.uci.edu', 9014).
2025-02-12 21:36:18,658 - Worker-0 - INFO - Downloaded http://wics.ics.uci.edu/events/category/wics-bonding/list/?tribe-bar-date=2019-04-09&outlook-ical=1, status <200>, using cache ('styx.ics.uci.edu', 9014).
2025-02-12 21:36:19,169 - Worker-0 - INFO - Downloaded http://wics.ics.uci.edu/events/category/wics-bonding/list/?tribe-bar-date=2019-04-09&ical=1, status <200>, using cache ('styx.ics.uci.edu', 9014).
2025-02-12 21:36:19,680 - Worker-0 - INFO - Downloaded webcal://wics.ics.uci.edu/?post_type=tribe_events&tribe-bar-date=2019-04-09&tribe_events_cat=wics-bonding&ical=1&eventDisplay=list, status <603>, using cache ('styx.ics.uci.edu', 9014).
2025-02-12 21:36:20,191 - Worker-0 - INFO - Downloaded http://wics.ics.uci.edu/events/category/wics-bonding/list/?tribe-bar-date=2019-04-09&eventDisplay=past, status <200>, using cache ('styx.ics.uci.edu', 9014).
2025-02-12 21:36:20,744 - Worker-0 - INFO - Downloaded http://wics.ics.uci.edu/events/category/wics-bonding/list/?tribe-bar-date=2019-04-09&eventDisplay=past&ical=1, status <200>, using cache ('styx.ics.uci.edu', 9014).
2025-02-12 21:36:21,332 - Worker-0 - INFO - Downloaded http://wics.ics.uci.edu/events/category/wics-bonding/list/?tribe-bar-date=2019-04-08, status <200>, using cache ('styx.ics.uci.edu', 9014).
2025-02-12 21:36:21,891 - Worker-0 - INFO - Downloaded http://wics.ics.uci.edu/events/category/wics-bonding/list/?tribe-bar-date=2019-04-08&outlook-ical=1, status <200>, using cache ('styx.ics.uci.edu', 9014).
2025-02-12 21:36:22,400 - Worker-0 - INFO - Downloaded http://wics.ics.uci.edu/events/category/wics-bonding/list/?tribe-bar-date=2019-04-08&ical=1, status <200>, using cache ('styx.ics.uci.edu', 9014).
2025-02-12 21:36:22,909 - Worker-0 - INFO - Downloaded webcal://wics.ics.uci.edu/?post_type=tribe_events&tribe-bar-date=2019-04-08&tribe_events_cat=wics-bonding&ical=1&eventDisplay=list, status <603>, using cache ('styx.ics.uci.edu', 9014).
2025-02-12 21:36:23,421 - Worker-0 - INFO - Downloaded http://wics.ics.uci.edu/events/category/wics-bonding/list/?tribe-bar-date=2019-04-08&eventDisplay=past, status <200>, using cache ('styx.ics.uci.edu', 9014).
2025-02-12 21:36:23,975 - Worker-0 - INFO - Downloaded http://wics.ics.uci.edu/events/category/wics-bonding/list/?tribe-bar-date=2019-04-08&eventDisplay=past&ical=1, status <200>, using cache ('styx.ics.uci.edu', 9014).
2025-02-12 21:36:24,556 - Worker-0 - INFO - Downloaded http://wics.ics.uci.edu/events/category/wics-bonding/list/?tribe-bar-date=2019-04-07, status <200>, using cache ('styx.ics.uci.edu', 9014).
2025-02-12 21:36:25,106 - Worker-0 - INFO - Downloaded http://wics.ics.uci.edu/events/category/wics-bonding/list/?tribe-bar-date=2019-04-07&outlook-ical=1, status <200>, using cache ('styx.ics.uci.edu', 9014).
2025-02-12 21:36:25,622 - Worker-0 - INFO - Downloaded http://wics.ics.uci.edu/events/category/wics-bonding/list/?tribe-bar-date=2019-04-07&ical=1, status <200>, using cache ('styx.ics.uci.edu', 9014).
2025-02-12 21:36:26,135 - Worker-0 - INFO - Downloaded webcal://wics.ics.uci.edu/?post_type=tribe_events&tribe-bar-date=2019-04-07&tribe_events_cat=wics-bonding&ical=1&eventDisplay=list, status <603>, using cache ('styx.ics.uci.edu', 9014).
2025-02-12 21:36:26,645 - Worker-0 - INFO - Downloaded http://wics.ics.uci.edu/events/category/wics-bonding/list/?tribe-bar-date=2019-04-07&eventDisplay=past, status <200>, using cache ('styx.ics.uci.edu', 9014).
2025-02-12 21:36:27,207 - Worker-0 - INFO - Downloaded http://wics.ics.uci.edu/events/category/wics-bonding/list/?tribe-bar-date=2019-04-07&eventDisplay=past&ical=1, status <200>, using cache ('styx.ics.uci.edu', 9014).
2025-02-12 21:36:27,798 - Worker-0 - INFO - Downloaded http://wics.ics.uci.edu/events/category/wics-bonding/list/?tribe-bar-date=2019-04-06, status <200>, using cache ('styx.ics.uci.edu', 9014).
2025-02-12 21:36:28,354 - Worker-0 - INFO - Downloaded http://wics.ics.uci.edu/events/category/wics-bonding/list/?tribe-bar-date=2019-04-06&outlook-ical=1, status <200>, using cache ('styx.ics.uci.edu', 9014).
2025-02-12 21:36:28,864 - Worker-0 - INFO - Downloaded http://wics.ics.uci.edu/events/category/wics-bonding/list/?tribe-bar-date=2019-04-06&ical=1, status <200>, using cache ('styx.ics.uci.edu', 9014).
2025-02-12 21:36:29,392 - Worker-0 - INFO - Downloaded webcal://wics.ics.uci.edu/?post_type=tribe_events&tribe-bar-date=2019-04-06&tribe_events_cat=wics-bonding&ical=1&eventDisplay=list, status <603>, using cache ('styx.ics.uci.edu', 9014).
2025-02-12 21:36:29,905 - Worker-0 - INFO - Downloaded http://wics.ics.uci.edu/events/category/wics-bonding/list/?tribe-bar-date=2019-04-06&eventDisplay=past, status <200>, using cache ('styx.ics.uci.edu', 9014).
2025-02-12 21:36:30,458 - Worker-0 - INFO - Downloaded http://wics.ics.uci.edu/events/category/wics-bonding/list/?tribe-bar-date=2019-04-06&eventDisplay=past&ical=1, status <200>, using cache ('styx.ics.uci.edu', 9014).
2025-02-12 21:36:31,071 - Worker-0 - INFO - Downloaded http://wics.ics.uci.edu/events/category/wics-bonding/list/?tribe-bar-date=2019-04-05, status <200>, using cache ('styx.ics.uci.edu', 9014).
2025-02-12 21:36:31,630 - Worker-0 - INFO - Downloaded http://wics.ics.uci.edu/events/category/wics-bonding/list/?tribe-bar-date=2019-04-05&outlook-ical=1, status <200>, using cache ('styx.ics.uci.edu', 9014).
2025-02-12 21:36:32,139 - Worker-0 - INFO - Downloaded http://wics.ics.uci.edu/events/category/wics-bonding/list/?tribe-bar-date=2019-04-05&ical=1, status <200>, using cache ('styx.ics.uci.edu', 9014).
2025-02-12 21:36:32,647 - Worker-0 - INFO - Downloaded webcal://wics.ics.uci.edu/?post_type=tribe_events&tribe-bar-date=2019-04-05&tribe_events_cat=wics-bonding&ical=1&eventDisplay=list, status <603>, using cache ('styx.ics.uci.edu', 9014).
2025-02-12 21:36:33,166 - Worker-0 - INFO - Downloaded http://wics.ics.uci.edu/events/category/wics-bonding/list/?tribe-bar-date=2019-04-05&eventDisplay=past, status <200>, using cache ('styx.ics.uci.edu', 9014).
2025-02-12 21:36:33,720 - Worker-0 - INFO - Downloaded http://wics.ics.uci.edu/events/category/wics-bonding/list/?tribe-bar-date=2019-04-05&eventDisplay=past&ical=1, status <200>, using cache ('styx.ics.uci.edu', 9014).
2025-02-12 21:36:34,310 - Worker-0 - INFO - Downloaded http://wics.ics.uci.edu/events/category/wics-bonding/list/?tribe-bar-date=2019-04-04, status <200>, using cache ('styx.ics.uci.edu', 9014).
2025-02-12 21:36:34,863 - Worker-0 - INFO - Downloaded http://wics.ics.uci.edu/events/category/wics-bonding/list/?tribe-bar-date=2019-04-04&outlook-ical=1, status <200>, using cache ('styx.ics.uci.edu', 9014).
2025-02-12 21:36:35,372 - Worker-0 - INFO - Downloaded http://wics.ics.uci.edu/events/category/wics-bonding/list/?tribe-bar-date=2019-04-04&ical=1, status <200>, using cache ('styx.ics.uci.edu', 9014).
2025-02-12 21:36:35,880 - Worker-0 - INFO - Downloaded webcal://wics.ics.uci.edu/?post_type=tribe_events&tribe-bar-date=2019-04-04&tribe_events_cat=wics-bonding&ical=1&eventDisplay=list, status <603>, using cache ('styx.ics.uci.edu', 9014).
2025-02-12 21:36:36,392 - Worker-0 - INFO - Downloaded http://wics.ics.uci.edu/events/category/wics-bonding/list/?tribe-bar-date=2019-04-04&eventDisplay=past, status <200>, using cache ('styx.ics.uci.edu', 9014).
2025-02-12 21:36:36,958 - Worker-0 - INFO - Downloaded http://wics.ics.uci.edu/events/category/wics-bonding/list/?tribe-bar-date=2019-04-04&eventDisplay=past&ical=1, status <200>, using cache ('styx.ics.uci.edu', 9014).
2025-02-12 21:36:37,539 - Worker-0 - INFO - Downloaded http://wics.ics.uci.edu/events/category/wics-bonding/list/?tribe-bar-date=2019-04-03, status <200>, using cache ('styx.ics.uci.edu', 9014).
2025-02-12 21:36:38,095 - Worker-0 - INFO - Downloaded http://wics.ics.uci.edu/events/category/wics-bonding/list/?tribe-bar-date=2019-04-03&outlook-ical=1, status <200>, using cache ('styx.ics.uci.edu', 9014).
2025-02-12 21:36:38,603 - Worker-0 - INFO - Downloaded http://wics.ics.uci.edu/events/category/wics-bonding/list/?tribe-bar-date=2019-04-03&ical=1, status <200>, using cache ('styx.ics.uci.edu', 9014).
2025-02-12 21:36:39,112 - Worker-0 - INFO - Downloaded webcal://wics.ics.uci.edu/?post_type=tribe_events&tribe-bar-date=2019-04-03&tribe_events_cat=wics-bonding&ical=1&eventDisplay=list, status <603>, using cache ('styx.ics.uci.edu', 9014).
2025-02-12 21:36:39,623 - Worker-0 - INFO - Downloaded http://wics.ics.uci.edu/events/category/wics-bonding/list/?tribe-bar-date=2019-04-03&eventDisplay=past, status <200>, using cache ('styx.ics.uci.edu', 9014).
2025-02-12 21:36:40,176 - Worker-0 - INFO - Downloaded http://wics.ics.uci.edu/events/category/wics-bonding/list/?tribe-bar-date=2019-04-03&eventDisplay=past&ical=1, status <200>, using cache ('styx.ics.uci.edu', 9014).
2025-02-12 21:36:40,758 - Worker-0 - INFO - Downloaded http://wics.ics.uci.edu/events/category/wics-bonding/list/?tribe-bar-date=2019-04-02, status <200>, using cache ('styx.ics.uci.edu', 9014).
2025-02-12 21:36:41,311 - Worker-0 - INFO - Downloaded http://wics.ics.uci.edu/events/category/wics-bonding/list/?tribe-bar-date=2019-04-02&outlook-ical=1, status <200>, using cache ('styx.ics.uci.edu', 9014).
2025-02-12 21:36:41,824 - Worker-0 - INFO - Downloaded http://wics.ics.uci.edu/events/category/wics-bonding/list/?tribe-bar-date=2019-04-02&ical=1, status <200>, using cache ('styx.ics.uci.edu', 9014).
2025-02-12 21:36:42,332 - Worker-0 - INFO - Downloaded webcal://wics.ics.uci.edu/?post_type=tribe_events&tribe-bar-date=2019-04-02&tribe_events_cat=wics-bonding&ical=1&eventDisplay=list, status <603>, using cache ('styx.ics.uci.edu', 9014).
2025-02-12 21:36:42,842 - Worker-0 - INFO - Downloaded http://wics.ics.uci.edu/events/category/wics-bonding/list/?tribe-bar-date=2019-04-02&eventDisplay=past, status <200>, using cache ('styx.ics.uci.edu', 9014).
2025-02-12 21:36:43,408 - Worker-0 - INFO - Downloaded http://wics.ics.uci.edu/events/category/wics-bonding/list/?tribe-bar-date=2019-04-02&eventDisplay=past&ical=1, status <200>, using cache ('styx.ics.uci.edu', 9014).
2025-02-12 21:36:44,025 - Worker-0 - INFO - Downloaded http://wics.ics.uci.edu/events/category/wics-bonding/day/2019-03-31, status <200>, using cache ('styx.ics.uci.edu', 9014).
2025-02-12 21:37:10,115 - Worker-0 - INFO - Downloaded http://wics.ics.uci.edu/events/category/wics-bonding/day/2019-03-31/?outlook-ical=1, status <200>, using cache ('styx.ics.uci.edu', 9014).
2025-02-12 21:37:33,109 - Worker-0 - INFO - Downloaded http://wics.ics.uci.edu/events/category/wics-bonding/day/2019-03-31/?ical=1, status <200>, using cache ('styx.ics.uci.edu', 9014).
2025-02-12 21:37:33,618 - Worker-0 - INFO - Downloaded webcal://wics.ics.uci.edu/?post_type=tribe_events&tribe_events_cat=wics-bonding&tribe-bar-date=2019-03-31&ical=1&eventDisplay=list, status <603>, using cache ('styx.ics.uci.edu', 9014).
2025-02-12 21:37:34,131 - Worker-0 - INFO - Downloaded http://wics.ics.uci.edu/events/category/wics-bonding/day/2019-03-30, status <200>, using cache ('styx.ics.uci.edu', 9014).
2025-02-12 21:37:55,342 - Worker-0 - INFO - Downloaded http://wics.ics.uci.edu/events/category/wics-bonding/day/2019-03-30/?outlook-ical=1, status <200>, using cache ('styx.ics.uci.edu', 9014).
2025-02-12 21:38:17,871 - Worker-0 - INFO - Downloaded http://wics.ics.uci.edu/events/category/wics-bonding/day/2019-03-30/?ical=1, status <200>, using cache ('styx.ics.uci.edu', 9014).
2025-02-12 21:38:18,385 - Worker-0 - INFO - Downloaded webcal://wics.ics.uci.edu/?post_type=tribe_events&tribe_events_cat=wics-bonding&tribe-bar-date=2019-03-30&ical=1&eventDisplay=list, status <603>, using cache ('styx.ics.uci.edu', 9014).
2025-02-12 21:38:18,896 - Worker-0 - INFO - Downloaded http://wics.ics.uci.edu/events/category/wics-bonding/day/2019-03-29, status <200>, using cache ('styx.ics.uci.edu', 9014).
2025-02-12 21:38:43,081 - Worker-0 - INFO - Downloaded http://wics.ics.uci.edu/events/category/wics-bonding/day/2019-03-29/?outlook-ical=1, status <200>, using cache ('styx.ics.uci.edu', 9014).
2025-02-12 21:39:06,378 - Worker-0 - INFO - Downloaded http://wics.ics.uci.edu/events/category/wics-bonding/day/2019-03-29/?ical=1, status <200>, using cache ('styx.ics.uci.edu', 9014).
2025-02-12 21:39:06,886 - Worker-0 - INFO - Downloaded webcal://wics.ics.uci.edu/?post_type=tribe_events&tribe_events_cat=wics-bonding&tribe-bar-date=2019-03-29&ical=1&eventDisplay=list, status <603>, using cache ('styx.ics.uci.edu', 9014).
2025-02-12 21:39:07,444 - Worker-0 - INFO - Downloaded http://wics.ics.uci.edu/events/category/wics-bonding/day/2019-03-28, status <200>, using cache ('styx.ics.uci.edu', 9014).
2025-02-12 21:39:30,419 - Worker-0 - INFO - Downloaded http://wics.ics.uci.edu/events/category/wics-bonding/day/2019-03-28/?outlook-ical=1, status <200>, using cache ('styx.ics.uci.edu', 9014).
2025-02-12 21:39:50,999 - Worker-0 - INFO - Downloaded http://wics.ics.uci.edu/events/category/wics-bonding/day/2019-03-28/?ical=1, status <200>, using cache ('styx.ics.uci.edu', 9014).
2025-02-12 21:39:51,507 - Worker-0 - INFO - Downloaded webcal://wics.ics.uci.edu/?post_type=tribe_events&tribe_events_cat=wics-bonding&tribe-bar-date=2019-03-28&ical=1&eventDisplay=list, status <603>, using cache ('styx.ics.uci.edu', 9014).
2025-02-12 21:39:52,020 - Worker-0 - INFO - Downloaded http://wics.ics.uci.edu/events/category/wics-bonding/day/2019-03-27, status <200>, using cache ('styx.ics.uci.edu', 9014).
2025-02-12 21:40:14,079 - Worker-0 - INFO - Downloaded http://wics.ics.uci.edu/events/category/wics-bonding/day/2019-03-27/?outlook-ical=1, status <200>, using cache ('styx.ics.uci.edu', 9014).
2025-02-12 21:40:33,533 - Worker-0 - INFO - Downloaded http://wics.ics.uci.edu/events/category/wics-bonding/day/2019-03-27/?ical=1, status <200>, using cache ('styx.ics.uci.edu', 9014).
2025-02-12 21:40:34,040 - Worker-0 - INFO - Downloaded webcal://wics.ics.uci.edu/?post_type=tribe_events&tribe_events_cat=wics-bonding&tribe-bar-date=2019-03-27&ical=1&eventDisplay=list, status <603>, using cache ('styx.ics.uci.edu', 9014).
2025-02-12 21:40:34,585 - Worker-0 - INFO - Downloaded http://wics.ics.uci.edu/events/category/wics-bonding/day/2019-03-26, status <200>, using cache ('styx.ics.uci.edu', 9014).
2025-02-12 21:40:57,852 - Worker-0 - INFO - Downloaded http://wics.ics.uci.edu/events/category/wics-bonding/day/2019-03-26/?outlook-ical=1, status <200>, using cache ('styx.ics.uci.edu', 9014).
2025-02-12 21:41:24,011 - Worker-0 - INFO - Downloaded http://wics.ics.uci.edu/events/category/wics-bonding/day/2019-03-26/?ical=1, status <200>, using cache ('styx.ics.uci.edu', 9014).
2025-02-12 21:41:24,532 - Worker-0 - INFO - Downloaded webcal://wics.ics.uci.edu/?post_type=tribe_events&tribe_events_cat=wics-bonding&tribe-bar-date=2019-03-26&ical=1&eventDisplay=list, status <603>, using cache ('styx.ics.uci.edu', 9014).
2025-02-12 21:41:25,044 - Worker-0 - INFO - Downloaded http://wics.ics.uci.edu/events/category/wics-bonding/day/2019-03-25, status <200>, using cache ('styx.ics.uci.edu', 9014).
2025-02-12 21:41:49,518 - Worker-0 - INFO - Downloaded http://wics.ics.uci.edu/events/category/wics-bonding/day/2019-03-25/?outlook-ical=1, status <200>, using cache ('styx.ics.uci.edu', 9014).
2025-02-12 21:42:14,847 - Worker-0 - INFO - Downloaded http://wics.ics.uci.edu/events/category/wics-bonding/day/2019-03-25/?ical=1, status <200>, using cache ('styx.ics.uci.edu', 9014).
2025-02-12 21:42:15,355 - Worker-0 - INFO - Downloaded webcal://wics.ics.uci.edu/?post_type=tribe_events&tribe_events_cat=wics-bonding&tribe-bar-date=2019-03-25&ical=1&eventDisplay=list, status <603>, using cache ('styx.ics.uci.edu', 9014).
2025-02-12 21:42:15,869 - Worker-0 - INFO - Downloaded http://wics.ics.uci.edu/events/category/wics-bonding/day/2019-03-24, status <200>, using cache ('styx.ics.uci.edu', 9014).
2025-02-12 21:42:37,191 - Worker-0 - INFO - Downloaded http://wics.ics.uci.edu/events/category/wics-bonding/day/2019-03-24/?outlook-ical=1, status <200>, using cache ('styx.ics.uci.edu', 9014).
2025-02-12 21:43:00,780 - Worker-0 - INFO - Downloaded http://wics.ics.uci.edu/events/category/wics-bonding/day/2019-03-24/?ical=1, status <200>, using cache ('styx.ics.uci.edu', 9014).
2025-02-12 21:43:01,287 - Worker-0 - INFO - Downloaded webcal://wics.ics.uci.edu/?post_type=tribe_events&tribe_events_cat=wics-bonding&tribe-bar-date=2019-03-24&ical=1&eventDisplay=list, status <603>, using cache ('styx.ics.uci.edu', 9014).
2025-02-12 21:43:01,846 - Worker-0 - INFO - Downloaded http://wics.ics.uci.edu/events/category/wics-bonding/day/2019-03-23, status <200>, using cache ('styx.ics.uci.edu', 9014).
2025-02-12 21:43:30,100 - Worker-0 - INFO - Downloaded http://wics.ics.uci.edu/events/category/wics-bonding/day/2019-03-23/?outlook-ical=1, status <200>, using cache ('styx.ics.uci.edu', 9014).
2025-02-12 21:43:53,515 - Worker-0 - INFO - Downloaded http://wics.ics.uci.edu/events/category/wics-bonding/day/2019-03-23/?ical=1, status <200>, using cache ('styx.ics.uci.edu', 9014).
2025-02-12 21:43:54,029 - Worker-0 - INFO - Downloaded webcal://wics.ics.uci.edu/?post_type=tribe_events&tribe_events_cat=wics-bonding&tribe-bar-date=2019-03-23&ical=1&eventDisplay=list, status <603>, using cache ('styx.ics.uci.edu', 9014).
2025-02-12 21:43:54,540 - Worker-0 - INFO - Downloaded http://wics.ics.uci.edu/events/category/wics-bonding/day/2019-03-22, status <200>, using cache ('styx.ics.uci.edu', 9014).
2025-02-12 21:44:16,167 - Worker-0 - INFO - Downloaded http://wics.ics.uci.edu/events/category/wics-bonding/day/2019-03-22/?outlook-ical=1, status <200>, using cache ('styx.ics.uci.edu', 9014).
2025-02-12 21:44:37,313 - Worker-0 - INFO - Downloaded http://wics.ics.uci.edu/events/category/wics-bonding/day/2019-03-22/?ical=1, status <200>, using cache ('styx.ics.uci.edu', 9014).
2025-02-12 21:44:37,821 - Worker-0 - INFO - Downloaded webcal://wics.ics.uci.edu/?post_type=tribe_events&tribe_events_cat=wics-bonding&tribe-bar-date=2019-03-22&ical=1&eventDisplay=list, status <603>, using cache ('styx.ics.uci.edu', 9014).
2025-02-12 21:44:38,340 - Worker-0 - INFO - Downloaded http://wics.ics.uci.edu/events/category/wics-bonding/day/2019-03-21, status <200>, using cache ('styx.ics.uci.edu', 9014).
2025-02-12 21:44:56,682 - Worker-0 - INFO - Downloaded http://wics.ics.uci.edu/events/category/wics-bonding/day/2019-03-21/?outlook-ical=1, status <200>, using cache ('styx.ics.uci.edu', 9014).
2025-02-12 21:45:18,750 - Worker-0 - INFO - Downloaded http://wics.ics.uci.edu/events/category/wics-bonding/day/2019-03-21/?ical=1, status <200>, using cache ('styx.ics.uci.edu', 9014).
2025-02-12 21:45:19,261 - Worker-0 - INFO - Downloaded webcal://wics.ics.uci.edu/?post_type=tribe_events&tribe_events_cat=wics-bonding&tribe-bar-date=2019-03-21&ical=1&eventDisplay=list, status <603>, using cache ('styx.ics.uci.edu', 9014).
2025-02-12 21:45:19,776 - Worker-0 - INFO - Downloaded http://wics.ics.uci.edu/events/category/wics-bonding/day/2019-03-20, status <200>, using cache ('styx.ics.uci.edu', 9014).
2025-02-12 21:45:40,041 - Worker-0 - INFO - Downloaded http://wics.ics.uci.edu/events/category/wics-bonding/day/2019-03-20/?outlook-ical=1, status <200>, using cache ('styx.ics.uci.edu', 9014).
2025-02-12 21:46:02,052 - Worker-0 - INFO - Downloaded http://wics.ics.uci.edu/events/category/wics-bonding/day/2019-03-20/?ical=1, status <200>, using cache ('styx.ics.uci.edu', 9014).
2025-02-12 21:46:02,572 - Worker-0 - INFO - Downloaded webcal://wics.ics.uci.edu/?post_type=tribe_events&tribe_events_cat=wics-bonding&tribe-bar-date=2019-03-20&ical=1&eventDisplay=list, status <603>, using cache ('styx.ics.uci.edu', 9014).
2025-02-12 21:46:03,085 - Worker-0 - INFO - Downloaded http://wics.ics.uci.edu/events/category/wics-bonding/day/2019-03-19, status <200>, using cache ('styx.ics.uci.edu', 9014).
2025-02-12 21:46:23,249 - Worker-0 - INFO - Downloaded http://wics.ics.uci.edu/events/category/wics-bonding/day/2019-03-19/?outlook-ical=1, status <200>, using cache ('styx.ics.uci.edu', 9014).
2025-02-12 21:46:46,255 - Worker-0 - INFO - Downloaded http://wics.ics.uci.edu/events/category/wics-bonding/day/2019-03-19/?ical=1, status <200>, using cache ('styx.ics.uci.edu', 9014).
2025-02-12 21:46:46,764 - Worker-0 - INFO - Downloaded webcal://wics.ics.uci.edu/?post_type=tribe_events&tribe_events_cat=wics-bonding&tribe-bar-date=2019-03-19&ical=1&eventDisplay=list, status <603>, using cache ('styx.ics.uci.edu', 9014).
2025-02-12 21:46:47,314 - Worker-0 - INFO - Downloaded http://wics.ics.uci.edu/events/category/wics-bonding/day/2019-03-18, status <200>, using cache ('styx.ics.uci.edu', 9014).
2025-02-12 21:47:07,134 - Worker-0 - INFO - Downloaded http://wics.ics.uci.edu/events/category/wics-bonding/day/2019-03-18/?outlook-ical=1, status <200>, using cache ('styx.ics.uci.edu', 9014).
2025-02-12 21:47:31,301 - Worker-0 - INFO - Downloaded http://wics.ics.uci.edu/events/category/wics-bonding/day/2019-03-18/?ical=1, status <200>, using cache ('styx.ics.uci.edu', 9014).
2025-02-12 21:47:31,809 - Worker-0 - INFO - Downloaded webcal://wics.ics.uci.edu/?post_type=tribe_events&tribe_events_cat=wics-bonding&tribe-bar-date=2019-03-18&ical=1&eventDisplay=list, status <603>, using cache ('styx.ics.uci.edu', 9014).
2025-02-12 21:47:32,320 - Worker-0 - INFO - Downloaded http://wics.ics.uci.edu/events/category/wics-bonding/day/2019-03-17, status <200>, using cache ('styx.ics.uci.edu', 9014).
2025-02-12 21:47:50,677 - Worker-0 - INFO - Downloaded http://wics.ics.uci.edu/events/category/wics-bonding/day/2019-03-17/?outlook-ical=1, status <200>, using cache ('styx.ics.uci.edu', 9014).
2025-02-12 21:48:11,748 - Worker-0 - INFO - Downloaded http://wics.ics.uci.edu/events/category/wics-bonding/day/2019-03-17/?ical=1, status <200>, using cache ('styx.ics.uci.edu', 9014).
2025-02-12 21:48:12,257 - Worker-0 - INFO - Downloaded webcal://wics.ics.uci.edu/?post_type=tribe_events&tribe_events_cat=wics-bonding&tribe-bar-date=2019-03-17&ical=1&eventDisplay=list, status <603>, using cache ('styx.ics.uci.edu', 9014).
2025-02-12 21:48:12,782 - Worker-0 - INFO - Downloaded http://wics.ics.uci.edu/events/category/wics-bonding/day/2019-03-16, status <200>, using cache ('styx.ics.uci.edu', 9014).
2025-02-12 21:48:32,941 - Worker-0 - INFO - Downloaded http://wics.ics.uci.edu/events/category/wics-bonding/day/2019-03-16/?outlook-ical=1, status <200>, using cache ('styx.ics.uci.edu', 9014).
2025-02-12 21:48:50,984 - Worker-0 - INFO - Downloaded http://wics.ics.uci.edu/events/category/wics-bonding/day/2019-03-16/?ical=1, status <200>, using cache ('styx.ics.uci.edu', 9014).
2025-02-12 21:48:51,491 - Worker-0 - INFO - Downloaded webcal://wics.ics.uci.edu/?post_type=tribe_events&tribe_events_cat=wics-bonding&tribe-bar-date=2019-03-16&ical=1&eventDisplay=list, status <603>, using cache ('styx.ics.uci.edu', 9014).
2025-02-12 21:48:52,004 - Worker-0 - INFO - Downloaded http://wics.ics.uci.edu/events/category/wics-bonding/day/2019-03-15, status <200>, using cache ('styx.ics.uci.edu', 9014).
2025-02-12 21:49:11,115 - Worker-0 - INFO - Downloaded http://wics.ics.uci.edu/events/category/wics-bonding/day/2019-03-15/?outlook-ical=1, status <200>, using cache ('styx.ics.uci.edu', 9014).
2025-02-12 21:49:32,519 - Worker-0 - INFO - Downloaded http://wics.ics.uci.edu/events/category/wics-bonding/day/2019-03-15/?ical=1, status <200>, using cache ('styx.ics.uci.edu', 9014).
2025-02-12 21:49:33,027 - Worker-0 - INFO - Downloaded webcal://wics.ics.uci.edu/?post_type=tribe_events&tribe_events_cat=wics-bonding&tribe-bar-date=2019-03-15&ical=1&eventDisplay=list, status <603>, using cache ('styx.ics.uci.edu', 9014).
2025-02-12 21:49:33,549 - Worker-0 - INFO - Downloaded http://wics.ics.uci.edu/events/category/wics-bonding/day/2019-03-14, status <200>, using cache ('styx.ics.uci.edu', 9014).
2025-02-12 21:49:49,648 - Worker-0 - INFO - Downloaded http://wics.ics.uci.edu/events/category/wics-bonding/day/2019-03-14/?outlook-ical=1, status <200>, using cache ('styx.ics.uci.edu', 9014).
2025-02-12 21:50:08,651 - Worker-0 - INFO - Downloaded http://wics.ics.uci.edu/events/category/wics-bonding/day/2019-03-14/?ical=1, status <200>, using cache ('styx.ics.uci.edu', 9014).
2025-02-12 21:50:09,159 - Worker-0 - INFO - Downloaded webcal://wics.ics.uci.edu/?post_type=tribe_events&tribe_events_cat=wics-bonding&tribe-bar-date=2019-03-14&ical=1&eventDisplay=list, status <603>, using cache ('styx.ics.uci.edu', 9014).
2025-02-12 21:50:09,686 - Worker-0 - INFO - Downloaded http://wics.ics.uci.edu/events/category/wics-bonding/day/2019-03-13, status <200>, using cache ('styx.ics.uci.edu', 9014).
2025-02-12 21:50:26,769 - Worker-0 - INFO - Downloaded http://wics.ics.uci.edu/events/category/wics-bonding/day/2019-03-13/?outlook-ical=1, status <200>, using cache ('styx.ics.uci.edu', 9014).
2025-02-12 21:50:47,811 - Worker-0 - INFO - Downloaded http://wics.ics.uci.edu/events/category/wics-bonding/day/2019-03-13/?ical=1, status <200>, using cache ('styx.ics.uci.edu', 9014).
2025-02-12 21:50:48,321 - Worker-0 - INFO - Downloaded webcal://wics.ics.uci.edu/?post_type=tribe_events&tribe_events_cat=wics-bonding&tribe-bar-date=2019-03-13&ical=1&eventDisplay=list, status <603>, using cache ('styx.ics.uci.edu', 9014).
2025-02-12 21:50:48,835 - Worker-0 - INFO - Downloaded http://wics.ics.uci.edu/events/category/wics-bonding/day/2019-03-12, status <200>, using cache ('styx.ics.uci.edu', 9014).
2025-02-12 21:51:05,019 - Worker-0 - INFO - Downloaded http://wics.ics.uci.edu/events/category/wics-bonding/day/2019-03-12/?outlook-ical=1, status <200>, using cache ('styx.ics.uci.edu', 9014).
2025-02-12 21:51:23,285 - Worker-0 - INFO - Downloaded http://wics.ics.uci.edu/events/category/wics-bonding/day/2019-03-12/?ical=1, status <200>, using cache ('styx.ics.uci.edu', 9014).
2025-02-12 21:51:23,792 - Worker-0 - INFO - Downloaded webcal://wics.ics.uci.edu/?post_type=tribe_events&tribe_events_cat=wics-bonding&tribe-bar-date=2019-03-12&ical=1&eventDisplay=list, status <603>, using cache ('styx.ics.uci.edu', 9014).
2025-02-12 21:51:24,304 - Worker-0 - INFO - Downloaded http://wics.ics.uci.edu/events/category/wics-bonding/day/2019-03-11, status <200>, using cache ('styx.ics.uci.edu', 9014).
2025-02-12 21:51:42,357 - Worker-0 - INFO - Downloaded http://wics.ics.uci.edu/events/category/wics-bonding/day/2019-03-11/?outlook-ical=1, status <200>, using cache ('styx.ics.uci.edu', 9014).
2025-02-12 21:52:01,367 - Worker-0 - INFO - Downloaded http://wics.ics.uci.edu/events/category/wics-bonding/day/2019-03-11/?ical=1, status <200>, using cache ('styx.ics.uci.edu', 9014).
2025-02-12 21:52:01,876 - Worker-0 - INFO - Downloaded webcal://wics.ics.uci.edu/?post_type=tribe_events&tribe_events_cat=wics-bonding&tribe-bar-date=2019-03-11&ical=1&eventDisplay=list, status <603>, using cache ('styx.ics.uci.edu', 9014).
2025-02-12 21:52:02,438 - Worker-0 - INFO - Downloaded http://wics.ics.uci.edu/events/category/wics-bonding/day/2019-03-10, status <200>, using cache ('styx.ics.uci.edu', 9014).
2025-02-12 21:52:20,792 - Worker-0 - INFO - Downloaded http://wics.ics.uci.edu/events/category/wics-bonding/day/2019-03-10/?outlook-ical=1, status <200>, using cache ('styx.ics.uci.edu', 9014).
2025-02-12 21:52:41,960 - Worker-0 - INFO - Downloaded http://wics.ics.uci.edu/events/category/wics-bonding/day/2019-03-10/?ical=1, status <200>, using cache ('styx.ics.uci.edu', 9014).
2025-02-12 21:52:42,469 - Worker-0 - INFO - Downloaded webcal://wics.ics.uci.edu/?post_type=tribe_events&tribe_events_cat=wics-bonding&tribe-bar-date=2019-03-10&ical=1&eventDisplay=list, status <603>, using cache ('styx.ics.uci.edu', 9014).
2025-02-12 21:52:42,981 - Worker-0 - INFO - Downloaded http://wics.ics.uci.edu/events/category/wics-bonding/day/2019-03-09, status <200>, using cache ('styx.ics.uci.edu', 9014).
2025-02-12 21:53:05,241 - Worker-0 - INFO - Downloaded http://wics.ics.uci.edu/events/category/wics-bonding/day/2019-03-09/?outlook-ical=1, status <200>, using cache ('styx.ics.uci.edu', 9014).
2025-02-12 21:53:27,254 - Worker-0 - INFO - Downloaded http://wics.ics.uci.edu/events/category/wics-bonding/day/2019-03-09/?ical=1, status <200>, using cache ('styx.ics.uci.edu', 9014).
2025-02-12 21:53:27,767 - Worker-0 - INFO - Downloaded webcal://wics.ics.uci.edu/?post_type=tribe_events&tribe_events_cat=wics-bonding&tribe-bar-date=2019-03-09&ical=1&eventDisplay=list, status <603>, using cache ('styx.ics.uci.edu', 9014).
2025-02-12 21:53:28,297 - Worker-0 - INFO - Downloaded http://wics.ics.uci.edu/events/category/wics-bonding/day/2019-03-08, status <200>, using cache ('styx.ics.uci.edu', 9014).
2025-02-12 21:53:47,416 - Worker-0 - INFO - Downloaded http://wics.ics.uci.edu/events/category/wics-bonding/day/2019-03-08/?outlook-ical=1, status <200>, using cache ('styx.ics.uci.edu', 9014).
2025-02-12 21:54:07,893 - Worker-0 - INFO - Downloaded http://wics.ics.uci.edu/events/category/wics-bonding/day/2019-03-08/?ical=1, status <200>, using cache ('styx.ics.uci.edu', 9014).
2025-02-12 21:54:08,401 - Worker-0 - INFO - Downloaded webcal://wics.ics.uci.edu/?post_type=tribe_events&tribe_events_cat=wics-bonding&tribe-bar-date=2019-03-08&ical=1&eventDisplay=list, status <603>, using cache ('styx.ics.uci.edu', 9014).
2025-02-12 21:54:08,914 - Worker-0 - INFO - Downloaded http://wics.ics.uci.edu/events/category/wics-bonding/day/2019-03-07, status <200>, using cache ('styx.ics.uci.edu', 9014).
2025-02-12 21:54:27,008 - Worker-0 - INFO - Downloaded http://wics.ics.uci.edu/events/category/wics-bonding/day/2019-03-07/?outlook-ical=1, status <200>, using cache ('styx.ics.uci.edu', 9014).
2025-02-12 21:54:54,063 - Worker-0 - INFO - Downloaded http://wics.ics.uci.edu/events/category/wics-bonding/day/2019-03-07/?ical=1, status <200>, using cache ('styx.ics.uci.edu', 9014).
2025-02-12 21:54:54,571 - Worker-0 - INFO - Downloaded webcal://wics.ics.uci.edu/?post_type=tribe_events&tribe_events_cat=wics-bonding&tribe-bar-date=2019-03-07&ical=1&eventDisplay=list, status <603>, using cache ('styx.ics.uci.edu', 9014).
2025-02-12 21:54:55,094 - Worker-0 - INFO - Downloaded http://wics.ics.uci.edu/events/category/wics-bonding/day/2019-03-06, status <200>, using cache ('styx.ics.uci.edu', 9014).
2025-02-12 21:55:19,497 - Worker-0 - INFO - Downloaded http://wics.ics.uci.edu/events/category/wics-bonding/day/2019-03-06/?outlook-ical=1, status <200>, using cache ('styx.ics.uci.edu', 9014).
2025-02-12 21:55:45,396 - Worker-0 - INFO - Downloaded http://wics.ics.uci.edu/events/category/wics-bonding/day/2019-03-06/?ical=1, status <200>, using cache ('styx.ics.uci.edu', 9014).
2025-02-12 21:55:45,905 - Worker-0 - INFO - Downloaded webcal://wics.ics.uci.edu/?post_type=tribe_events&tribe_events_cat=wics-bonding&tribe-bar-date=2019-03-06&ical=1&eventDisplay=list, status <603>, using cache ('styx.ics.uci.edu', 9014).
2025-02-12 21:55:46,417 - Worker-0 - INFO - Downloaded http://wics.ics.uci.edu/events/category/wics-bonding/day/2019-03-05, status <200>, using cache ('styx.ics.uci.edu', 9014).
2025-02-12 21:56:14,514 - Worker-0 - INFO - Downloaded http://wics.ics.uci.edu/events/category/wics-bonding/day/2019-03-05/?outlook-ical=1, status <200>, using cache ('styx.ics.uci.edu', 9014).
2025-02-12 21:56:42,566 - Worker-0 - INFO - Downloaded http://wics.ics.uci.edu/events/category/wics-bonding/day/2019-03-05/?ical=1, status <200>, using cache ('styx.ics.uci.edu', 9014).
2025-02-12 21:56:43,074 - Worker-0 - INFO - Downloaded webcal://wics.ics.uci.edu/?post_type=tribe_events&tribe_events_cat=wics-bonding&tribe-bar-date=2019-03-05&ical=1&eventDisplay=list, status <603>, using cache ('styx.ics.uci.edu', 9014).
2025-02-12 21:56:43,597 - Worker-0 - INFO - Downloaded http://wics.ics.uci.edu/events/category/wics-bonding/day/2019-03-04, status <200>, using cache ('styx.ics.uci.edu', 9014).
2025-02-12 21:57:11,941 - Worker-0 - INFO - Downloaded http://wics.ics.uci.edu/events/category/wics-bonding/day/2019-03-04/?outlook-ical=1, status <200>, using cache ('styx.ics.uci.edu', 9014).
2025-02-12 21:57:40,009 - Worker-0 - INFO - Downloaded http://wics.ics.uci.edu/events/category/wics-bonding/day/2019-03-04/?ical=1, status <200>, using cache ('styx.ics.uci.edu', 9014).
2025-02-12 21:57:40,517 - Worker-0 - INFO - Downloaded webcal://wics.ics.uci.edu/?post_type=tribe_events&tribe_events_cat=wics-bonding&tribe-bar-date=2019-03-04&ical=1&eventDisplay=list, status <603>, using cache ('styx.ics.uci.edu', 9014).
2025-02-12 21:57:41,031 - Worker-0 - INFO - Downloaded http://wics.ics.uci.edu/events/category/wics-bonding/day/2019-03-03, status <200>, using cache ('styx.ics.uci.edu', 9014).
